{"C:/fsd-final_assesment/fsd-final-angular/projectmgr/src/polyfills.ts": {"path":"C:/fsd-final_assesment/fsd-final-angular/projectmgr/src/polyfills.ts","statementMap":{"0":{"start":{"line":46,"column":0},"end":{"line":46,"column":29}},"1":{"start":{"line":74,"column":0},"end":{"line":74,"column":27}}},"fnMap":{},"branchMap":{},"s":{"0":1,"1":1},"f":{},"b":{}}
,"C:/fsd-final_assesment/fsd-final-angular/projectmgr/src/test.ts": {"path":"C:/fsd-final_assesment/fsd-final-angular/projectmgr/src/test.ts","statementMap":{"0":{"start":{"line":3,"column":0},"end":{"line":3,"column":35}},"1":{"start":{"line":4,"column":0},"end":{"line":4,"column":50}},"2":{"start":{"line":5,"column":0},"end":{"line":8,"column":50}},"3":{"start":{"line":13,"column":0},"end":{"line":16,"column":2}},"4":{"start":{"line":18,"column":16},"end":{"line":18,"column":58}},"5":{"start":{"line":20,"column":0},"end":{"line":20,"column":28}}},"fnMap":{},"branchMap":{},"s":{"0":1,"1":1,"2":1,"3":1,"4":1,"5":1},"f":{},"b":{}}
,"C:/fsd-final_assesment/fsd-final-angular/projectmgr/src/app/Parent.ts": {"path":"C:/fsd-final_assesment/fsd-final-angular/projectmgr/src/app/Parent.ts","statementMap":{"0":{"start":{"line":3,"column":0},"end":{"line":9,"column":0}},"1":{"start":{"line":9,"column":0},"end":{"line":9,"column":1}},"2":{"start":{"line":3,"column":13},"end":{"line":3,"column":19}}},"fnMap":{"0":{"name":"(anonymous_0)","decl":{"start":{"line":3,"column":0},"end":{"line":null,"column":-1}},"loc":{"start":{"line":3,"column":0},"end":{"line":3,"column":-1}}}},"branchMap":{},"s":{"0":1,"1":1,"2":1},"f":{"0":35},"b":{}}
,"C:/fsd-final_assesment/fsd-final-angular/projectmgr/src/app/Project.ts": {"path":"C:/fsd-final_assesment/fsd-final-angular/projectmgr/src/app/Project.ts","statementMap":{"0":{"start":{"line":3,"column":0},"end":{"line":16,"column":0}},"1":{"start":{"line":16,"column":0},"end":{"line":16,"column":1}},"2":{"start":{"line":3,"column":13},"end":{"line":3,"column":20}}},"fnMap":{"0":{"name":"(anonymous_0)","decl":{"start":{"line":3,"column":0},"end":{"line":null,"column":-1}},"loc":{"start":{"line":3,"column":0},"end":{"line":3,"column":-1}}}},"branchMap":{},"s":{"0":1,"1":1,"2":1},"f":{"0":19},"b":{}}
,"C:/fsd-final_assesment/fsd-final-angular/projectmgr/src/app/Task.ts": {"path":"C:/fsd-final_assesment/fsd-final-angular/projectmgr/src/app/Task.ts","statementMap":{"0":{"start":{"line":4,"column":0},"end":{"line":19,"column":0}},"1":{"start":{"line":19,"column":0},"end":{"line":19,"column":1}},"2":{"start":{"line":4,"column":13},"end":{"line":4,"column":17}}},"fnMap":{"0":{"name":"(anonymous_0)","decl":{"start":{"line":4,"column":0},"end":{"line":null,"column":-1}},"loc":{"start":{"line":4,"column":0},"end":{"line":4,"column":-1}}}},"branchMap":{},"s":{"0":1,"1":1,"2":1},"f":{"0":35},"b":{}}
,"C:/fsd-final_assesment/fsd-final-angular/projectmgr/src/app/User.ts": {"path":"C:/fsd-final_assesment/fsd-final-angular/projectmgr/src/app/User.ts","statementMap":{"0":{"start":{"line":3,"column":0},"end":{"line":10,"column":0}},"1":{"start":{"line":10,"column":0},"end":{"line":10,"column":1}},"2":{"start":{"line":3,"column":13},"end":{"line":3,"column":17}}},"fnMap":{"0":{"name":"(anonymous_0)","decl":{"start":{"line":3,"column":0},"end":{"line":null,"column":-1}},"loc":{"start":{"line":3,"column":0},"end":{"line":3,"column":-1}}}},"branchMap":{},"s":{"0":1,"1":1,"2":1},"f":{"0":37},"b":{}}
,"C:/fsd-final_assesment/fsd-final-angular/projectmgr/src/app/app.component.ts": {"path":"C:/fsd-final_assesment/fsd-final-angular/projectmgr/src/app/app.component.ts","statementMap":{"0":{"start":{"line":1,"column":0},"end":{"line":1,"column":41}},"1":{"start":{"line":8,"column":0},"end":{"line":10,"column":0}},"2":{"start":{"line":9,"column":2},"end":{"line":9,"column":16}},"3":{"start":{"line":8,"column":13},"end":{"line":10,"column":1}},"4":{"start":{"line":10,"column":0},"end":{"line":10,"column":1}},"5":{"start":{"line":8,"column":13},"end":{"line":8,"column":25}}},"fnMap":{"0":{"name":"(anonymous_1)","decl":{"start":{"line":8,"column":0},"end":{"line":null,"column":-1}},"loc":{"start":{"line":8,"column":0},"end":{"line":8,"column":-1}}},"1":{"name":"AppComponent","decl":{"start":{"line":3,"column":0},"end":{"line":null,"column":-1}},"loc":{"start":{"line":3,"column":0},"end":{"line":10,"column":1}}}},"branchMap":{},"s":{"0":1,"1":1,"2":3,"3":1,"4":1,"5":1},"f":{"0":1,"1":3},"b":{}}
,"C:/fsd-final_assesment/fsd-final-angular/projectmgr/src/app/add-project/add-project.component.ts": {"path":"C:/fsd-final_assesment/fsd-final-angular/projectmgr/src/app/add-project/add-project.component.ts","statementMap":{"0":{"start":{"line":1,"column":0},"end":{"line":1,"column":85}},"1":{"start":{"line":2,"column":0},"end":{"line":2,"column":36}},"2":{"start":{"line":3,"column":0},"end":{"line":3,"column":39}},"3":{"start":{"line":5,"column":0},"end":{"line":5,"column":54}},"4":{"start":{"line":6,"column":0},"end":{"line":6,"column":60}},"5":{"start":{"line":7,"column":0},"end":{"line":7,"column":32}},"6":{"start":{"line":16,"column":0},"end":{"line":233,"column":0}},"7":{"start":{"line":40,"column":22},"end":{"line":40,"column":41}},"8":{"start":{"line":40,"column":51},"end":{"line":40,"column":76}},"9":{"start":{"line":40,"column":86},"end":{"line":40,"column":114}},"10":{"start":{"line":22,"column":2},"end":{"line":22,"column":28}},"11":{"start":{"line":23,"column":2},"end":{"line":23,"column":35}},"12":{"start":{"line":24,"column":2},"end":{"line":24,"column":38}},"13":{"start":{"line":28,"column":2},"end":{"line":28,"column":29}},"14":{"start":{"line":42,"column":4},"end":{"line":42,"column":38}},"15":{"start":{"line":43,"column":4},"end":{"line":43,"column":35}},"16":{"start":{"line":35,"column":25},"end":{"line":38,"column":3}},"17":{"start":{"line":37,"column":4},"end":{"line":37,"column":40}},"18":{"start":{"line":46,"column":2},"end":{"line":51,"column":3}},"19":{"start":{"line":47,"column":4},"end":{"line":47,"column":19}},"20":{"start":{"line":48,"column":4},"end":{"line":48,"column":15}},"21":{"start":{"line":49,"column":4},"end":{"line":49,"column":33}},"22":{"start":{"line":50,"column":4},"end":{"line":50,"column":24}},"23":{"start":{"line":53,"column":2},"end":{"line":67,"column":3}},"24":{"start":{"line":55,"column":4},"end":{"line":65,"column":5}},"25":{"start":{"line":57,"column":6},"end":{"line":59,"column":44}},"26":{"start":{"line":63,"column":6},"end":{"line":64,"column":44}},"27":{"start":{"line":66,"column":4},"end":{"line":66,"column":24}},"28":{"start":{"line":69,"column":2},"end":{"line":75,"column":3}},"29":{"start":{"line":69,"column":2},"end":{"line":75,"column":2}},"30":{"start":{"line":71,"column":4},"end":{"line":74,"column":7}},"31":{"start":{"line":72,"column":6},"end":{"line":72,"column":23}},"32":{"start":{"line":73,"column":6},"end":{"line":73,"column":25}},"33":{"start":{"line":77,"column":2},"end":{"line":80,"column":3}},"34":{"start":{"line":78,"column":4},"end":{"line":78,"column":26}},"35":{"start":{"line":79,"column":4},"end":{"line":79,"column":33}},"36":{"start":{"line":82,"column":2},"end":{"line":88,"column":3}},"37":{"start":{"line":84,"column":4},"end":{"line":84,"column":42}},"38":{"start":{"line":85,"column":4},"end":{"line":85,"column":58}},"39":{"start":{"line":86,"column":4},"end":{"line":86,"column":98}},"40":{"start":{"line":87,"column":4},"end":{"line":87,"column":40}},"41":{"start":{"line":90,"column":2},"end":{"line":111,"column":3}},"42":{"start":{"line":92,"column":4},"end":{"line":92,"column":58}},"43":{"start":{"line":93,"column":4},"end":{"line":93,"column":54}},"44":{"start":{"line":94,"column":4},"end":{"line":99,"column":5}},"45":{"start":{"line":96,"column":6},"end":{"line":96,"column":72}},"46":{"start":{"line":97,"column":6},"end":{"line":97,"column":39}},"47":{"start":{"line":98,"column":6},"end":{"line":98,"column":13}},"48":{"start":{"line":100,"column":4},"end":{"line":100,"column":37}},"49":{"start":{"line":101,"column":4},"end":{"line":101,"column":34}},"50":{"start":{"line":103,"column":4},"end":{"line":110,"column":5}},"51":{"start":{"line":105,"column":6},"end":{"line":105,"column":27}},"52":{"start":{"line":109,"column":6},"end":{"line":109,"column":24}},"53":{"start":{"line":113,"column":2},"end":{"line":130,"column":3}},"54":{"start":{"line":113,"column":2},"end":{"line":130,"column":2}},"55":{"start":{"line":115,"column":4},"end":{"line":129,"column":7}},"56":{"start":{"line":116,"column":6},"end":{"line":116,"column":28}},"57":{"start":{"line":117,"column":6},"end":{"line":128,"column":9}},"58":{"start":{"line":118,"column":8},"end":{"line":118,"column":77}},"59":{"start":{"line":119,"column":8},"end":{"line":119,"column":73}},"60":{"start":{"line":120,"column":8},"end":{"line":127,"column":9}},"61":{"start":{"line":122,"column":10},"end":{"line":122,"column":63}},"62":{"start":{"line":126,"column":10},"end":{"line":126,"column":32}},"63":{"start":{"line":132,"column":2},"end":{"line":143,"column":3}},"64":{"start":{"line":134,"column":4},"end":{"line":134,"column":40}},"65":{"start":{"line":135,"column":4},"end":{"line":135,"column":42}},"66":{"start":{"line":136,"column":13},"end":{"line":136,"column":23}},"67":{"start":{"line":137,"column":4},"end":{"line":137,"column":67}},"68":{"start":{"line":138,"column":4},"end":{"line":138,"column":86}},"69":{"start":{"line":139,"column":4},"end":{"line":139,"column":35}},"70":{"start":{"line":140,"column":4},"end":{"line":140,"column":37}},"71":{"start":{"line":141,"column":4},"end":{"line":141,"column":38}},"72":{"start":{"line":142,"column":4},"end":{"line":142,"column":33}},"73":{"start":{"line":145,"column":2},"end":{"line":181,"column":3}},"74":{"start":{"line":145,"column":2},"end":{"line":181,"column":2}},"75":{"start":{"line":147,"column":4},"end":{"line":180,"column":7}},"76":{"start":{"line":148,"column":6},"end":{"line":148,"column":33}},"77":{"start":{"line":149,"column":6},"end":{"line":149,"column":95}},"78":{"start":{"line":150,"column":6},"end":{"line":150,"column":93}},"79":{"start":{"line":151,"column":6},"end":{"line":158,"column":7}},"80":{"start":{"line":153,"column":8},"end":{"line":153,"column":31}},"81":{"start":{"line":157,"column":8},"end":{"line":157,"column":30}},"82":{"start":{"line":159,"column":6},"end":{"line":162,"column":9}},"83":{"start":{"line":160,"column":8},"end":{"line":160,"column":26}},"84":{"start":{"line":161,"column":8},"end":{"line":161,"column":85}},"85":{"start":{"line":163,"column":6},"end":{"line":163,"column":38}},"86":{"start":{"line":164,"column":6},"end":{"line":164,"column":42}},"87":{"start":{"line":165,"column":6},"end":{"line":172,"column":7}},"88":{"start":{"line":167,"column":20},"end":{"line":167,"column":21}},"89":{"start":{"line":168,"column":8},"end":{"line":170,"column":11}},"90":{"start":{"line":169,"column":12},"end":{"line":169,"column":30}},"91":{"start":{"line":171,"column":8},"end":{"line":171,"column":44}},"92":{"start":{"line":173,"column":6},"end":{"line":178,"column":7}},"93":{"start":{"line":175,"column":8},"end":{"line":175,"column":48}},"94":{"start":{"line":176,"column":8},"end":{"line":176,"column":38}},"95":{"start":{"line":177,"column":8},"end":{"line":177,"column":29}},"96":{"start":{"line":179,"column":6},"end":{"line":179,"column":32}},"97":{"start":{"line":183,"column":2},"end":{"line":191,"column":3}},"98":{"start":{"line":183,"column":2},"end":{"line":191,"column":2}},"99":{"start":{"line":185,"column":4},"end":{"line":190,"column":7}},"100":{"start":{"line":186,"column":6},"end":{"line":186,"column":23}},"101":{"start":{"line":187,"column":6},"end":{"line":187,"column":17}},"102":{"start":{"line":188,"column":6},"end":{"line":188,"column":26}},"103":{"start":{"line":189,"column":6},"end":{"line":189,"column":42}},"104":{"start":{"line":193,"column":2},"end":{"line":202,"column":3}},"105":{"start":{"line":193,"column":2},"end":{"line":202,"column":2}},"106":{"start":{"line":195,"column":4},"end":{"line":201,"column":7}},"107":{"start":{"line":197,"column":6},"end":{"line":197,"column":23}},"108":{"start":{"line":198,"column":6},"end":{"line":198,"column":17}},"109":{"start":{"line":199,"column":6},"end":{"line":199,"column":26}},"110":{"start":{"line":200,"column":6},"end":{"line":200,"column":42}},"111":{"start":{"line":204,"column":2},"end":{"line":226,"column":3}},"112":{"start":{"line":206,"column":4},"end":{"line":224,"column":5}},"113":{"start":{"line":208,"column":6},"end":{"line":208,"column":38}},"114":{"start":{"line":211,"column":4},"end":{"line":224,"column":5}},"115":{"start":{"line":213,"column":6},"end":{"line":213,"column":36}},"116":{"start":{"line":216,"column":4},"end":{"line":224,"column":5}},"117":{"start":{"line":218,"column":6},"end":{"line":218,"column":36}},"118":{"start":{"line":221,"column":4},"end":{"line":224,"column":5}},"119":{"start":{"line":223,"column":6},"end":{"line":223,"column":35}},"120":{"start":{"line":228,"column":9},"end":{"line":232,"column":3}},"121":{"start":{"line":228,"column":2},"end":{"line":232,"column":2}},"122":{"start":{"line":229,"column":4},"end":{"line":231,"column":7}},"123":{"start":{"line":230,"column":8},"end":{"line":230,"column":103}},"124":{"start":{"line":33,"column":22},"end":{"line":33,"column":46}},"125":{"start":{"line":16,"column":13},"end":{"line":233,"column":1}},"126":{"start":{"line":233,"column":0},"end":{"line":233,"column":1}},"127":{"start":{"line":16,"column":13},"end":{"line":16,"column":32}}},"fnMap":{"0":{"name":"(anonymous_2)","decl":{"start":{"line":16,"column":0},"end":{"line":null,"column":-1}},"loc":{"start":{"line":16,"column":0},"end":{"line":16,"column":-1}}},"1":{"name":"AddProjectComponent","decl":{"start":{"line":40,"column":2},"end":{"line":40,"column":21}},"loc":{"start":{"line":40,"column":114},"end":{"line":44,"column":3}}},"2":{"name":"(anonymous_4)","decl":{"start":{"line":35,"column":25},"end":{"line":35,"column":30}},"loc":{"start":{"line":35,"column":48},"end":{"line":38,"column":3}}},"3":{"name":"(anonymous_5)","decl":{"start":{"line":46,"column":2},"end":{"line":null,"column":-1}},"loc":{"start":{"line":46,"column":2},"end":{"line":51,"column":3}}},"4":{"name":"(anonymous_6)","decl":{"start":{"line":53,"column":2},"end":{"line":null,"column":-1}},"loc":{"start":{"line":53,"column":2},"end":{"line":67,"column":3}}},"5":{"name":"(anonymous_7)","decl":{"start":{"line":69,"column":2},"end":{"line":null,"column":-1}},"loc":{"start":{"line":69,"column":2},"end":{"line":75,"column":3}}},"6":{"name":"(anonymous_8)","decl":{"start":{"line":71,"column":37},"end":{"line":71,"column":37}},"loc":{"start":{"line":71,"column":41},"end":{"line":74,"column":5}}},"7":{"name":"(anonymous_9)","decl":{"start":{"line":77,"column":2},"end":{"line":77,"column":11}},"loc":{"start":{"line":77,"column":27},"end":{"line":80,"column":3}}},"8":{"name":"(anonymous_10)","decl":{"start":{"line":82,"column":2},"end":{"line":null,"column":-1}},"loc":{"start":{"line":82,"column":2},"end":{"line":88,"column":3}}},"9":{"name":"(anonymous_11)","decl":{"start":{"line":90,"column":2},"end":{"line":null,"column":-1}},"loc":{"start":{"line":90,"column":2},"end":{"line":111,"column":3}}},"10":{"name":"(anonymous_12)","decl":{"start":{"line":113,"column":2},"end":{"line":null,"column":-1}},"loc":{"start":{"line":113,"column":2},"end":{"line":130,"column":3}}},"11":{"name":"(anonymous_13)","decl":{"start":{"line":115,"column":37},"end":{"line":115,"column":37}},"loc":{"start":{"line":115,"column":41},"end":{"line":129,"column":5}}},"12":{"name":"(anonymous_14)","decl":{"start":{"line":117,"column":31},"end":{"line":117,"column":30}},"loc":{"start":{"line":117,"column":38},"end":{"line":128,"column":7}}},"13":{"name":"(anonymous_15)","decl":{"start":{"line":132,"column":2},"end":{"line":null,"column":-1}},"loc":{"start":{"line":132,"column":2},"end":{"line":143,"column":3}}},"14":{"name":"(anonymous_16)","decl":{"start":{"line":145,"column":2},"end":{"line":145,"column":12}},"loc":{"start":{"line":145,"column":42},"end":{"line":181,"column":3}}},"15":{"name":"(anonymous_17)","decl":{"start":{"line":147,"column":47},"end":{"line":147,"column":47}},"loc":{"start":{"line":147,"column":51},"end":{"line":180,"column":5}}},"16":{"name":"(anonymous_18)","decl":{"start":{"line":159,"column":68},"end":{"line":159,"column":68}},"loc":{"start":{"line":159,"column":72},"end":{"line":162,"column":7}}},"17":{"name":"(anonymous_19)","decl":{"start":{"line":168,"column":39},"end":{"line":168,"column":38}},"loc":{"start":{"line":168,"column":46},"end":{"line":170,"column":9}}},"18":{"name":"(anonymous_20)","decl":{"start":{"line":183,"column":2},"end":{"line":null,"column":-1}},"loc":{"start":{"line":183,"column":2},"end":{"line":191,"column":3}}},"19":{"name":"(anonymous_21)","decl":{"start":{"line":185,"column":55},"end":{"line":185,"column":55}},"loc":{"start":{"line":185,"column":59},"end":{"line":190,"column":5}}},"20":{"name":"(anonymous_22)","decl":{"start":{"line":193,"column":2},"end":{"line":null,"column":-1}},"loc":{"start":{"line":193,"column":2},"end":{"line":202,"column":3}}},"21":{"name":"(anonymous_23)","decl":{"start":{"line":196,"column":35},"end":{"line":196,"column":35}},"loc":{"start":{"line":196,"column":39},"end":{"line":201,"column":5}}},"22":{"name":"(anonymous_24)","decl":{"start":{"line":204,"column":2},"end":{"line":204,"column":6}},"loc":{"start":{"line":204,"column":18},"end":{"line":226,"column":3}}},"23":{"name":"(anonymous_25)","decl":{"start":{"line":228,"column":2},"end":{"line":null,"column":-1}},"loc":{"start":{"line":228,"column":2},"end":{"line":232,"column":3}}},"24":{"name":"(anonymous_26)","decl":{"start":{"line":229,"column":15},"end":{"line":null,"column":-1}},"loc":{"start":{"line":229,"column":15},"end":{"line":231,"column":5}}}},"branchMap":{"0":{"loc":{"start":{"line":55,"column":4},"end":{"line":65,"column":5}},"type":"if","locations":[{"start":{"line":55,"column":4},"end":{"line":65,"column":5}},{"start":{"line":55,"column":4},"end":{"line":65,"column":5}}]},"1":{"loc":{"start":{"line":57,"column":22},"end":{"line":57,"column":60}},"type":"binary-expr","locations":[{"start":{"line":57,"column":22},"end":{"line":57,"column":60}},{"start":{"line":58,"column":7},"end":{"line":58,"column":43}},{"start":{"line":58,"column":49},"end":{"line":58,"column":83}},{"start":{"line":59,"column":10},"end":{"line":59,"column":43}}]},"2":{"loc":{"start":{"line":63,"column":22},"end":{"line":63,"column":60}},"type":"binary-expr","locations":[{"start":{"line":63,"column":22},"end":{"line":63,"column":60}},{"start":{"line":64,"column":10},"end":{"line":64,"column":43}}]},"3":{"loc":{"start":{"line":94,"column":4},"end":{"line":99,"column":5}},"type":"if","locations":[{"start":{"line":94,"column":4},"end":{"line":99,"column":5}},{"start":{"line":94,"column":4},"end":{"line":99,"column":5}}]},"4":{"loc":{"start":{"line":94,"column":9},"end":{"line":94,"column":23}},"type":"binary-expr","locations":[{"start":{"line":94,"column":9},"end":{"line":94,"column":23}},{"start":{"line":94,"column":29},"end":{"line":94,"column":53}}]},"5":{"loc":{"start":{"line":103,"column":4},"end":{"line":110,"column":5}},"type":"if","locations":[{"start":{"line":103,"column":4},"end":{"line":110,"column":5}},{"start":{"line":103,"column":4},"end":{"line":110,"column":5}}]},"6":{"loc":{"start":{"line":120,"column":8},"end":{"line":127,"column":9}},"type":"if","locations":[{"start":{"line":120,"column":8},"end":{"line":127,"column":9}},{"start":{"line":120,"column":8},"end":{"line":127,"column":9}}]},"7":{"loc":{"start":{"line":151,"column":6},"end":{"line":158,"column":7}},"type":"if","locations":[{"start":{"line":151,"column":6},"end":{"line":158,"column":7}},{"start":{"line":151,"column":6},"end":{"line":158,"column":7}}]},"8":{"loc":{"start":{"line":165,"column":6},"end":{"line":172,"column":7}},"type":"if","locations":[{"start":{"line":165,"column":6},"end":{"line":172,"column":7}},{"start":{"line":165,"column":6},"end":{"line":172,"column":7}}]},"9":{"loc":{"start":{"line":173,"column":6},"end":{"line":178,"column":7}},"type":"if","locations":[{"start":{"line":173,"column":6},"end":{"line":178,"column":7}},{"start":{"line":173,"column":6},"end":{"line":178,"column":7}}]},"10":{"loc":{"start":{"line":206,"column":4},"end":{"line":224,"column":5}},"type":"if","locations":[{"start":{"line":206,"column":4},"end":{"line":224,"column":5}},{"start":{"line":206,"column":4},"end":{"line":224,"column":5}}]},"11":{"loc":{"start":{"line":211,"column":4},"end":{"line":224,"column":5}},"type":"if","locations":[{"start":{"line":211,"column":4},"end":{"line":224,"column":5}},{"start":{"line":211,"column":4},"end":{"line":224,"column":5}}]},"12":{"loc":{"start":{"line":216,"column":4},"end":{"line":224,"column":5}},"type":"if","locations":[{"start":{"line":216,"column":4},"end":{"line":224,"column":5}},{"start":{"line":216,"column":4},"end":{"line":224,"column":5}}]},"13":{"loc":{"start":{"line":221,"column":4},"end":{"line":224,"column":5}},"type":"if","locations":[{"start":{"line":221,"column":4},"end":{"line":224,"column":5}},{"start":{"line":221,"column":4},"end":{"line":224,"column":5}}]}},"s":{"0":1,"1":1,"2":1,"3":1,"4":1,"5":1,"6":1,"7":14,"8":14,"9":14,"10":14,"11":14,"12":14,"13":14,"14":14,"15":14,"16":2,"17":0,"18":1,"19":15,"20":15,"21":15,"22":15,"23":1,"24":1,"25":0,"26":1,"27":1,"28":1,"29":16,"30":16,"31":14,"32":14,"33":1,"34":0,"35":0,"36":1,"37":1,"38":1,"39":1,"40":1,"41":1,"42":0,"43":0,"44":0,"45":0,"46":0,"47":0,"48":0,"49":0,"50":0,"51":0,"52":0,"53":1,"54":16,"55":16,"56":15,"57":15,"58":45,"59":45,"60":45,"61":45,"62":0,"63":1,"64":16,"65":16,"66":16,"67":16,"68":16,"69":16,"70":16,"71":16,"72":16,"73":1,"74":0,"75":0,"76":0,"77":0,"78":0,"79":0,"80":0,"81":0,"82":0,"83":0,"84":0,"85":0,"86":0,"87":0,"88":0,"89":0,"90":0,"91":0,"92":0,"93":0,"94":0,"95":0,"96":0,"97":1,"98":0,"99":0,"100":0,"101":0,"102":0,"103":0,"104":1,"105":0,"106":0,"107":0,"108":0,"109":0,"110":0,"111":1,"112":4,"113":1,"114":3,"115":1,"116":2,"117":1,"118":1,"119":1,"120":1,"121":0,"122":0,"123":0,"124":1,"125":1,"126":1,"127":1},"f":{"0":1,"1":14,"2":0,"3":15,"4":1,"5":16,"6":14,"7":0,"8":1,"9":0,"10":16,"11":15,"12":45,"13":16,"14":0,"15":0,"16":0,"17":0,"18":0,"19":0,"20":0,"21":0,"22":4,"23":0,"24":0},"b":{"0":[0,1],"1":[0,0,0,0],"2":[1,0],"3":[0,0],"4":[0,0],"5":[0,0],"6":[45,0],"7":[0,0],"8":[0,0],"9":[0,0],"10":[1,3],"11":[1,2],"12":[1,1],"13":[1,0]}}
,"C:/fsd-final_assesment/fsd-final-angular/projectmgr/src/app/add-project/project-filter.pipe.ts": {"path":"C:/fsd-final_assesment/fsd-final-angular/projectmgr/src/app/add-project/project-filter.pipe.ts","statementMap":{"0":{"start":{"line":1,"column":0},"end":{"line":1,"column":51}},"1":{"start":{"line":6,"column":0},"end":{"line":23,"column":0}},"2":{"start":{"line":8,"column":4},"end":{"line":22,"column":5}},"3":{"start":{"line":10,"column":8},"end":{"line":21,"column":9}},"4":{"start":{"line":11,"column":12},"end":{"line":17,"column":13}},"5":{"start":{"line":12,"column":16},"end":{"line":15,"column":17}},"6":{"start":{"line":14,"column":20},"end":{"line":14,"column":33}},"7":{"start":{"line":16,"column":16},"end":{"line":16,"column":28}},"8":{"start":{"line":20,"column":12},"end":{"line":20,"column":24}},"9":{"start":{"line":6,"column":13},"end":{"line":23,"column":1}},"10":{"start":{"line":23,"column":0},"end":{"line":23,"column":1}},"11":{"start":{"line":6,"column":13},"end":{"line":6,"column":30}}},"fnMap":{"0":{"name":"(anonymous_1)","decl":{"start":{"line":6,"column":0},"end":{"line":null,"column":-1}},"loc":{"start":{"line":6,"column":0},"end":{"line":6,"column":-1}}},"1":{"name":"(anonymous_3)","decl":{"start":{"line":8,"column":4},"end":{"line":8,"column":13}},"loc":{"start":{"line":8,"column":50},"end":{"line":22,"column":5}}},"2":{"name":"(anonymous_4)","decl":{"start":{"line":11,"column":31},"end":{"line":11,"column":30}},"loc":{"start":{"line":11,"column":39},"end":{"line":17,"column":12}}}},"branchMap":{"0":{"loc":{"start":{"line":10,"column":8},"end":{"line":21,"column":9}},"type":"if","locations":[{"start":{"line":10,"column":8},"end":{"line":21,"column":9}},{"start":{"line":10,"column":8},"end":{"line":21,"column":9}}]},"1":{"loc":{"start":{"line":10,"column":12},"end":{"line":10,"column":16}},"type":"binary-expr","locations":[{"start":{"line":10,"column":12},"end":{"line":10,"column":16}},{"start":{"line":10,"column":20},"end":{"line":10,"column":31}}]},"2":{"loc":{"start":{"line":12,"column":16},"end":{"line":15,"column":17}},"type":"if","locations":[{"start":{"line":12,"column":16},"end":{"line":15,"column":17}},{"start":{"line":12,"column":16},"end":{"line":15,"column":17}}]},"3":{"loc":{"start":{"line":12,"column":21},"end":{"line":12,"column":31}},"type":"binary-expr","locations":[{"start":{"line":12,"column":21},"end":{"line":12,"column":31}},{"start":{"line":12,"column":37},"end":{"line":12,"column":113}}]}},"s":{"0":1,"1":1,"2":1,"3":39,"4":0,"5":0,"6":0,"7":0,"8":39,"9":1,"10":1,"11":1},"f":{"0":56,"1":39,"2":0},"b":{"0":[0,39],"1":[39,0],"2":[0,0],"3":[0,0]}}
,"C:/fsd-final_assesment/fsd-final-angular/projectmgr/src/app/add-project/project-sort.pipe.ts": {"path":"C:/fsd-final_assesment/fsd-final-angular/projectmgr/src/app/add-project/project-sort.pipe.ts","statementMap":{"0":{"start":{"line":1,"column":0},"end":{"line":1,"column":51}},"1":{"start":{"line":6,"column":0},"end":{"line":75,"column":0}},"2":{"start":{"line":10,"column":4},"end":{"line":74,"column":5}},"3":{"start":{"line":10,"column":4},"end":{"line":74,"column":4}},"4":{"start":{"line":13,"column":8},"end":{"line":25,"column":9}},"5":{"start":{"line":15,"column":12},"end":{"line":24,"column":15}},"6":{"start":{"line":16,"column":16},"end":{"line":23,"column":17}},"7":{"start":{"line":17,"column":20},"end":{"line":17,"column":30}},"8":{"start":{"line":19,"column":21},"end":{"line":23,"column":17}},"9":{"start":{"line":20,"column":20},"end":{"line":20,"column":29}},"10":{"start":{"line":22,"column":20},"end":{"line":22,"column":29}},"11":{"start":{"line":27,"column":8},"end":{"line":41,"column":9}},"12":{"start":{"line":29,"column":12},"end":{"line":40,"column":15}},"13":{"start":{"line":30,"column":16},"end":{"line":30,"column":50}},"14":{"start":{"line":31,"column":16},"end":{"line":31,"column":50}},"15":{"start":{"line":32,"column":16},"end":{"line":39,"column":17}},"16":{"start":{"line":33,"column":20},"end":{"line":33,"column":30}},"17":{"start":{"line":35,"column":21},"end":{"line":39,"column":17}},"18":{"start":{"line":36,"column":20},"end":{"line":36,"column":29}},"19":{"start":{"line":38,"column":20},"end":{"line":38,"column":29}},"20":{"start":{"line":43,"column":8},"end":{"line":57,"column":9}},"21":{"start":{"line":45,"column":12},"end":{"line":56,"column":15}},"22":{"start":{"line":46,"column":16},"end":{"line":46,"column":48}},"23":{"start":{"line":47,"column":16},"end":{"line":47,"column":48}},"24":{"start":{"line":48,"column":16},"end":{"line":55,"column":17}},"25":{"start":{"line":49,"column":20},"end":{"line":49,"column":30}},"26":{"start":{"line":51,"column":21},"end":{"line":55,"column":17}},"27":{"start":{"line":52,"column":20},"end":{"line":52,"column":29}},"28":{"start":{"line":54,"column":20},"end":{"line":54,"column":29}},"29":{"start":{"line":59,"column":8},"end":{"line":71,"column":9}},"30":{"start":{"line":61,"column":12},"end":{"line":70,"column":15}},"31":{"start":{"line":62,"column":16},"end":{"line":69,"column":17}},"32":{"start":{"line":63,"column":20},"end":{"line":63,"column":30}},"33":{"start":{"line":65,"column":21},"end":{"line":69,"column":17}},"34":{"start":{"line":66,"column":20},"end":{"line":66,"column":29}},"35":{"start":{"line":68,"column":20},"end":{"line":68,"column":29}},"36":{"start":{"line":73,"column":8},"end":{"line":73,"column":23}},"37":{"start":{"line":6,"column":13},"end":{"line":75,"column":1}},"38":{"start":{"line":75,"column":0},"end":{"line":75,"column":1}},"39":{"start":{"line":6,"column":13},"end":{"line":6,"column":34}}},"fnMap":{"0":{"name":"(anonymous_1)","decl":{"start":{"line":6,"column":0},"end":{"line":null,"column":-1}},"loc":{"start":{"line":6,"column":0},"end":{"line":6,"column":-1}}},"1":{"name":"(anonymous_3)","decl":{"start":{"line":10,"column":4},"end":{"line":10,"column":13}},"loc":{"start":{"line":10,"column":47},"end":{"line":74,"column":5}}},"2":{"name":"(anonymous_4)","decl":{"start":{"line":15,"column":25},"end":{"line":15,"column":25}},"loc":{"start":{"line":15,"column":48},"end":{"line":24,"column":13}}},"3":{"name":"(anonymous_5)","decl":{"start":{"line":29,"column":25},"end":{"line":29,"column":25}},"loc":{"start":{"line":29,"column":48},"end":{"line":40,"column":13}}},"4":{"name":"(anonymous_6)","decl":{"start":{"line":45,"column":25},"end":{"line":45,"column":25}},"loc":{"start":{"line":45,"column":48},"end":{"line":56,"column":13}}},"5":{"name":"(anonymous_7)","decl":{"start":{"line":61,"column":25},"end":{"line":61,"column":25}},"loc":{"start":{"line":61,"column":48},"end":{"line":70,"column":13}}}},"branchMap":{"0":{"loc":{"start":{"line":13,"column":8},"end":{"line":25,"column":9}},"type":"if","locations":[{"start":{"line":13,"column":8},"end":{"line":25,"column":9}},{"start":{"line":13,"column":8},"end":{"line":25,"column":9}}]},"1":{"loc":{"start":{"line":13,"column":13},"end":{"line":13,"column":32}},"type":"binary-expr","locations":[{"start":{"line":13,"column":13},"end":{"line":13,"column":32}},{"start":{"line":13,"column":38},"end":{"line":13,"column":59}}]},"2":{"loc":{"start":{"line":16,"column":16},"end":{"line":23,"column":17}},"type":"if","locations":[{"start":{"line":16,"column":16},"end":{"line":23,"column":17}},{"start":{"line":16,"column":16},"end":{"line":23,"column":17}}]},"3":{"loc":{"start":{"line":19,"column":21},"end":{"line":23,"column":17}},"type":"if","locations":[{"start":{"line":19,"column":21},"end":{"line":23,"column":17}},{"start":{"line":19,"column":21},"end":{"line":23,"column":17}}]},"4":{"loc":{"start":{"line":27,"column":8},"end":{"line":41,"column":9}},"type":"if","locations":[{"start":{"line":27,"column":8},"end":{"line":41,"column":9}},{"start":{"line":27,"column":8},"end":{"line":41,"column":9}}]},"5":{"loc":{"start":{"line":27,"column":13},"end":{"line":27,"column":34}},"type":"binary-expr","locations":[{"start":{"line":27,"column":13},"end":{"line":27,"column":34}},{"start":{"line":27,"column":40},"end":{"line":27,"column":61}}]},"6":{"loc":{"start":{"line":32,"column":16},"end":{"line":39,"column":17}},"type":"if","locations":[{"start":{"line":32,"column":16},"end":{"line":39,"column":17}},{"start":{"line":32,"column":16},"end":{"line":39,"column":17}}]},"7":{"loc":{"start":{"line":35,"column":21},"end":{"line":39,"column":17}},"type":"if","locations":[{"start":{"line":35,"column":21},"end":{"line":39,"column":17}},{"start":{"line":35,"column":21},"end":{"line":39,"column":17}}]},"8":{"loc":{"start":{"line":43,"column":8},"end":{"line":57,"column":9}},"type":"if","locations":[{"start":{"line":43,"column":8},"end":{"line":57,"column":9}},{"start":{"line":43,"column":8},"end":{"line":57,"column":9}}]},"9":{"loc":{"start":{"line":43,"column":13},"end":{"line":43,"column":32}},"type":"binary-expr","locations":[{"start":{"line":43,"column":13},"end":{"line":43,"column":32}},{"start":{"line":43,"column":38},"end":{"line":43,"column":59}}]},"10":{"loc":{"start":{"line":48,"column":16},"end":{"line":55,"column":17}},"type":"if","locations":[{"start":{"line":48,"column":16},"end":{"line":55,"column":17}},{"start":{"line":48,"column":16},"end":{"line":55,"column":17}}]},"11":{"loc":{"start":{"line":51,"column":21},"end":{"line":55,"column":17}},"type":"if","locations":[{"start":{"line":51,"column":21},"end":{"line":55,"column":17}},{"start":{"line":51,"column":21},"end":{"line":55,"column":17}}]},"12":{"loc":{"start":{"line":59,"column":8},"end":{"line":71,"column":9}},"type":"if","locations":[{"start":{"line":59,"column":8},"end":{"line":71,"column":9}},{"start":{"line":59,"column":8},"end":{"line":71,"column":9}}]},"13":{"loc":{"start":{"line":59,"column":13},"end":{"line":59,"column":31}},"type":"binary-expr","locations":[{"start":{"line":59,"column":13},"end":{"line":59,"column":31}},{"start":{"line":59,"column":37},"end":{"line":59,"column":58}}]},"14":{"loc":{"start":{"line":62,"column":16},"end":{"line":69,"column":17}},"type":"if","locations":[{"start":{"line":62,"column":16},"end":{"line":69,"column":17}},{"start":{"line":62,"column":16},"end":{"line":69,"column":17}}]},"15":{"loc":{"start":{"line":65,"column":21},"end":{"line":69,"column":17}},"type":"if","locations":[{"start":{"line":65,"column":21},"end":{"line":69,"column":17}},{"start":{"line":65,"column":21},"end":{"line":69,"column":17}}]}},"s":{"0":1,"1":1,"2":1,"3":14,"4":14,"5":0,"6":0,"7":0,"8":0,"9":0,"10":0,"11":14,"12":0,"13":0,"14":0,"15":0,"16":0,"17":0,"18":0,"19":0,"20":14,"21":0,"22":0,"23":0,"24":0,"25":0,"26":0,"27":0,"28":0,"29":14,"30":0,"31":0,"32":0,"33":0,"34":0,"35":0,"36":14,"37":1,"38":1,"39":1},"f":{"0":15,"1":14,"2":0,"3":0,"4":0,"5":0},"b":{"0":[0,14],"1":[14,0],"2":[0,0],"3":[0,0],"4":[0,14],"5":[14,14],"6":[0,0],"7":[0,0],"8":[0,14],"9":[14,0],"10":[0,0],"11":[0,0],"12":[0,14],"13":[14,0],"14":[0,0],"15":[0,0]}}
,"C:/fsd-final_assesment/fsd-final-angular/projectmgr/src/app/add-task/add-task.component.ts": {"path":"C:/fsd-final_assesment/fsd-final-angular/projectmgr/src/app/add-task/add-task.component.ts","statementMap":{"0":{"start":{"line":1,"column":0},"end":{"line":1,"column":85}},"1":{"start":{"line":3,"column":0},"end":{"line":3,"column":30}},"2":{"start":{"line":4,"column":0},"end":{"line":4,"column":34}},"3":{"start":{"line":7,"column":0},"end":{"line":7,"column":54}},"4":{"start":{"line":8,"column":0},"end":{"line":8,"column":60}},"5":{"start":{"line":9,"column":0},"end":{"line":9,"column":58}},"6":{"start":{"line":10,"column":0},"end":{"line":10,"column":54}},"7":{"start":{"line":11,"column":0},"end":{"line":11,"column":32}},"8":{"start":{"line":12,"column":0},"end":{"line":12,"column":55}},"9":{"start":{"line":21,"column":0},"end":{"line":303,"column":0}},"10":{"start":{"line":50,"column":22},"end":{"line":50,"column":47}},"11":{"start":{"line":50,"column":57},"end":{"line":50,"column":85}},"12":{"start":{"line":51,"column":22},"end":{"line":51,"column":47}},"13":{"start":{"line":51,"column":57},"end":{"line":51,"column":86}},"14":{"start":{"line":52,"column":22},"end":{"line":52,"column":44}},"15":{"start":{"line":23,"column":2},"end":{"line":23,"column":28}},"16":{"start":{"line":29,"column":2},"end":{"line":29,"column":29}},"17":{"start":{"line":53,"column":4},"end":{"line":53,"column":32}},"18":{"start":{"line":54,"column":4},"end":{"line":54,"column":32}},"19":{"start":{"line":55,"column":4},"end":{"line":55,"column":36}},"20":{"start":{"line":46,"column":25},"end":{"line":49,"column":3}},"21":{"start":{"line":48,"column":4},"end":{"line":48,"column":40}},"22":{"start":{"line":59,"column":2},"end":{"line":85,"column":3}},"23":{"start":{"line":59,"column":2},"end":{"line":85,"column":2}},"24":{"start":{"line":61,"column":4},"end":{"line":65,"column":6}},"25":{"start":{"line":63,"column":8},"end":{"line":63,"column":37}},"26":{"start":{"line":66,"column":4},"end":{"line":84,"column":5}},"27":{"start":{"line":68,"column":6},"end":{"line":68,"column":23}},"28":{"start":{"line":69,"column":6},"end":{"line":69,"column":25}},"29":{"start":{"line":70,"column":6},"end":{"line":70,"column":21}},"30":{"start":{"line":71,"column":6},"end":{"line":71,"column":24}},"31":{"start":{"line":72,"column":6},"end":{"line":72,"column":33}},"32":{"start":{"line":73,"column":6},"end":{"line":73,"column":35}},"33":{"start":{"line":74,"column":6},"end":{"line":74,"column":27}},"34":{"start":{"line":78,"column":6},"end":{"line":78,"column":21}},"35":{"start":{"line":79,"column":6},"end":{"line":79,"column":24}},"36":{"start":{"line":80,"column":6},"end":{"line":80,"column":23}},"37":{"start":{"line":81,"column":6},"end":{"line":81,"column":25}},"38":{"start":{"line":82,"column":6},"end":{"line":82,"column":32}},"39":{"start":{"line":83,"column":6},"end":{"line":83,"column":28}},"40":{"start":{"line":87,"column":2},"end":{"line":104,"column":3}},"41":{"start":{"line":87,"column":2},"end":{"line":104,"column":2}},"42":{"start":{"line":89,"column":4},"end":{"line":103,"column":7}},"43":{"start":{"line":90,"column":6},"end":{"line":90,"column":30}},"44":{"start":{"line":91,"column":6},"end":{"line":91,"column":23}},"45":{"start":{"line":92,"column":6},"end":{"line":92,"column":87}},"46":{"start":{"line":93,"column":6},"end":{"line":93,"column":85}},"47":{"start":{"line":94,"column":6},"end":{"line":96,"column":9}},"48":{"start":{"line":95,"column":8},"end":{"line":95,"column":78}},"49":{"start":{"line":97,"column":6},"end":{"line":99,"column":9}},"50":{"start":{"line":98,"column":8},"end":{"line":98,"column":57}},"51":{"start":{"line":100,"column":6},"end":{"line":102,"column":9}},"52":{"start":{"line":101,"column":8},"end":{"line":101,"column":55}},"53":{"start":{"line":107,"column":2},"end":{"line":120,"column":3}},"54":{"start":{"line":109,"column":4},"end":{"line":118,"column":5}},"55":{"start":{"line":111,"column":6},"end":{"line":111,"column":93}},"56":{"start":{"line":115,"column":6},"end":{"line":117,"column":93}},"57":{"start":{"line":119,"column":4},"end":{"line":119,"column":25}},"58":{"start":{"line":122,"column":2},"end":{"line":127,"column":3}},"59":{"start":{"line":122,"column":2},"end":{"line":127,"column":2}},"60":{"start":{"line":124,"column":4},"end":{"line":126,"column":7}},"61":{"start":{"line":125,"column":6},"end":{"line":125,"column":26}},"62":{"start":{"line":129,"column":2},"end":{"line":134,"column":3}},"63":{"start":{"line":129,"column":2},"end":{"line":134,"column":2}},"64":{"start":{"line":131,"column":4},"end":{"line":133,"column":7}},"65":{"start":{"line":132,"column":6},"end":{"line":132,"column":29}},"66":{"start":{"line":136,"column":2},"end":{"line":148,"column":3}},"67":{"start":{"line":136,"column":2},"end":{"line":148,"column":2}},"68":{"start":{"line":138,"column":4},"end":{"line":147,"column":9}},"69":{"start":{"line":139,"column":8},"end":{"line":139,"column":27}},"70":{"start":{"line":140,"column":8},"end":{"line":140,"column":29}},"71":{"start":{"line":141,"column":8},"end":{"line":146,"column":11}},"72":{"start":{"line":142,"column":10},"end":{"line":145,"column":11}},"73":{"start":{"line":144,"column":12},"end":{"line":144,"column":42}},"74":{"start":{"line":150,"column":2},"end":{"line":171,"column":3}},"75":{"start":{"line":152,"column":4},"end":{"line":152,"column":34}},"76":{"start":{"line":153,"column":4},"end":{"line":153,"column":36}},"77":{"start":{"line":154,"column":4},"end":{"line":154,"column":35}},"78":{"start":{"line":155,"column":4},"end":{"line":155,"column":32}},"79":{"start":{"line":156,"column":4},"end":{"line":156,"column":33}},"80":{"start":{"line":157,"column":4},"end":{"line":157,"column":37}},"81":{"start":{"line":158,"column":4},"end":{"line":158,"column":34}},"82":{"start":{"line":159,"column":4},"end":{"line":159,"column":35}},"83":{"start":{"line":160,"column":4},"end":{"line":160,"column":38}},"84":{"start":{"line":161,"column":4},"end":{"line":161,"column":37}},"85":{"start":{"line":162,"column":4},"end":{"line":162,"column":27}},"86":{"start":{"line":163,"column":13},"end":{"line":163,"column":23}},"87":{"start":{"line":164,"column":4},"end":{"line":164,"column":63}},"88":{"start":{"line":165,"column":4},"end":{"line":165,"column":82}},"89":{"start":{"line":166,"column":4},"end":{"line":166,"column":23}},"90":{"start":{"line":167,"column":4},"end":{"line":167,"column":40}},"91":{"start":{"line":168,"column":4},"end":{"line":168,"column":30}},"92":{"start":{"line":169,"column":4},"end":{"line":169,"column":27}},"93":{"start":{"line":170,"column":4},"end":{"line":170,"column":26}},"94":{"start":{"line":173,"column":2},"end":{"line":178,"column":3}},"95":{"start":{"line":175,"column":4},"end":{"line":175,"column":38}},"96":{"start":{"line":176,"column":4},"end":{"line":176,"column":40}},"97":{"start":{"line":177,"column":4},"end":{"line":177,"column":40}},"98":{"start":{"line":180,"column":2},"end":{"line":194,"column":3}},"99":{"start":{"line":182,"column":4},"end":{"line":193,"column":5}},"100":{"start":{"line":184,"column":6},"end":{"line":184,"column":23}},"101":{"start":{"line":186,"column":9},"end":{"line":193,"column":5}},"102":{"start":{"line":188,"column":6},"end":{"line":188,"column":24}},"103":{"start":{"line":192,"column":6},"end":{"line":192,"column":21}},"104":{"start":{"line":196,"column":2},"end":{"line":215,"column":3}},"105":{"start":{"line":196,"column":2},"end":{"line":215,"column":2}},"106":{"start":{"line":198,"column":4},"end":{"line":198,"column":54}},"107":{"start":{"line":199,"column":4},"end":{"line":199,"column":50}},"108":{"start":{"line":200,"column":4},"end":{"line":213,"column":5}},"109":{"start":{"line":202,"column":8},"end":{"line":202,"column":74}},"110":{"start":{"line":203,"column":8},"end":{"line":203,"column":41}},"111":{"start":{"line":204,"column":8},"end":{"line":204,"column":15}},"112":{"start":{"line":208,"column":8},"end":{"line":212,"column":11}},"113":{"start":{"line":209,"column":10},"end":{"line":209,"column":46}},"114":{"start":{"line":210,"column":10},"end":{"line":210,"column":56}},"115":{"start":{"line":211,"column":10},"end":{"line":211,"column":43}},"116":{"start":{"line":217,"column":2},"end":{"line":229,"column":3}},"117":{"start":{"line":217,"column":2},"end":{"line":229,"column":2}},"118":{"start":{"line":219,"column":4},"end":{"line":219,"column":59}},"119":{"start":{"line":220,"column":4},"end":{"line":220,"column":60}},"120":{"start":{"line":221,"column":4},"end":{"line":228,"column":7}},"121":{"start":{"line":222,"column":6},"end":{"line":222,"column":23}},"122":{"start":{"line":223,"column":6},"end":{"line":223,"column":23}},"123":{"start":{"line":224,"column":6},"end":{"line":224,"column":25}},"124":{"start":{"line":225,"column":6},"end":{"line":225,"column":42}},"125":{"start":{"line":226,"column":6},"end":{"line":226,"column":57}},"126":{"start":{"line":227,"column":6},"end":{"line":227,"column":39}},"127":{"start":{"line":231,"column":2},"end":{"line":252,"column":3}},"128":{"start":{"line":231,"column":2},"end":{"line":252,"column":2}},"129":{"start":{"line":233,"column":4},"end":{"line":233,"column":54}},"130":{"start":{"line":234,"column":4},"end":{"line":234,"column":50}},"131":{"start":{"line":235,"column":4},"end":{"line":251,"column":5}},"132":{"start":{"line":237,"column":8},"end":{"line":237,"column":74}},"133":{"start":{"line":238,"column":8},"end":{"line":238,"column":41}},"134":{"start":{"line":239,"column":8},"end":{"line":239,"column":15}},"135":{"start":{"line":243,"column":6},"end":{"line":243,"column":37}},"136":{"start":{"line":244,"column":6},"end":{"line":250,"column":11}},"137":{"start":{"line":245,"column":10},"end":{"line":245,"column":27}},"138":{"start":{"line":246,"column":10},"end":{"line":246,"column":29}},"139":{"start":{"line":247,"column":10},"end":{"line":247,"column":46}},"140":{"start":{"line":248,"column":10},"end":{"line":248,"column":54}},"141":{"start":{"line":249,"column":10},"end":{"line":249,"column":43}},"142":{"start":{"line":254,"column":2},"end":{"line":256,"column":3}},"143":{"start":{"line":255,"column":4},"end":{"line":255,"column":33}},"144":{"start":{"line":258,"column":2},"end":{"line":264,"column":3}},"145":{"start":{"line":260,"column":4},"end":{"line":260,"column":42}},"146":{"start":{"line":261,"column":4},"end":{"line":261,"column":55}},"147":{"start":{"line":262,"column":4},"end":{"line":262,"column":95}},"148":{"start":{"line":263,"column":4},"end":{"line":263,"column":40}},"149":{"start":{"line":266,"column":2},"end":{"line":273,"column":3}},"150":{"start":{"line":268,"column":4},"end":{"line":268,"column":45}},"151":{"start":{"line":269,"column":4},"end":{"line":269,"column":64}},"152":{"start":{"line":270,"column":4},"end":{"line":270,"column":67}},"153":{"start":{"line":271,"column":4},"end":{"line":271,"column":22}},"154":{"start":{"line":272,"column":4},"end":{"line":272,"column":40}},"155":{"start":{"line":275,"column":2},"end":{"line":282,"column":3}},"156":{"start":{"line":277,"column":4},"end":{"line":277,"column":46}},"157":{"start":{"line":278,"column":4},"end":{"line":278,"column":61}},"158":{"start":{"line":279,"column":4},"end":{"line":279,"column":64}},"159":{"start":{"line":280,"column":4},"end":{"line":280,"column":21}},"160":{"start":{"line":281,"column":4},"end":{"line":281,"column":40}},"161":{"start":{"line":284,"column":2},"end":{"line":286,"column":3}},"162":{"start":{"line":285,"column":4},"end":{"line":285,"column":33}},"163":{"start":{"line":288,"column":2},"end":{"line":290,"column":3}},"164":{"start":{"line":289,"column":4},"end":{"line":289,"column":35}},"165":{"start":{"line":291,"column":2},"end":{"line":302,"column":3}},"166":{"start":{"line":293,"column":4},"end":{"line":300,"column":5}},"167":{"start":{"line":295,"column":6},"end":{"line":295,"column":33}},"168":{"start":{"line":299,"column":6},"end":{"line":299,"column":31}},"169":{"start":{"line":301,"column":4},"end":{"line":301,"column":25}},"170":{"start":{"line":44,"column":22},"end":{"line":44,"column":46}},"171":{"start":{"line":21,"column":13},"end":{"line":303,"column":1}},"172":{"start":{"line":303,"column":0},"end":{"line":303,"column":1}},"173":{"start":{"line":21,"column":13},"end":{"line":21,"column":29}}},"fnMap":{"0":{"name":"(anonymous_2)","decl":{"start":{"line":21,"column":0},"end":{"line":null,"column":-1}},"loc":{"start":{"line":21,"column":0},"end":{"line":21,"column":-1}}},"1":{"name":"AddTaskComponent","decl":{"start":{"line":50,"column":2},"end":{"line":50,"column":21}},"loc":{"start":{"line":52,"column":44},"end":{"line":57,"column":4}}},"2":{"name":"(anonymous_4)","decl":{"start":{"line":46,"column":25},"end":{"line":46,"column":30}},"loc":{"start":{"line":46,"column":48},"end":{"line":49,"column":3}}},"3":{"name":"(anonymous_5)","decl":{"start":{"line":59,"column":2},"end":{"line":null,"column":-1}},"loc":{"start":{"line":59,"column":2},"end":{"line":85,"column":3}}},"4":{"name":"(anonymous_6)","decl":{"start":{"line":62,"column":6},"end":{"line":62,"column":6}},"loc":{"start":{"line":62,"column":22},"end":{"line":64,"column":7}}},"5":{"name":"(anonymous_7)","decl":{"start":{"line":87,"column":2},"end":{"line":87,"column":9}},"loc":{"start":{"line":87,"column":26},"end":{"line":104,"column":3}}},"6":{"name":"(anonymous_8)","decl":{"start":{"line":89,"column":48},"end":{"line":89,"column":48}},"loc":{"start":{"line":89,"column":52},"end":{"line":103,"column":5}}},"7":{"name":"(anonymous_9)","decl":{"start":{"line":94,"column":65},"end":{"line":94,"column":65}},"loc":{"start":{"line":94,"column":69},"end":{"line":96,"column":7}}},"8":{"name":"(anonymous_10)","decl":{"start":{"line":97,"column":68},"end":{"line":97,"column":68}},"loc":{"start":{"line":97,"column":72},"end":{"line":99,"column":7}}},"9":{"name":"(anonymous_11)","decl":{"start":{"line":100,"column":69},"end":{"line":100,"column":69}},"loc":{"start":{"line":100,"column":73},"end":{"line":102,"column":7}}},"10":{"name":"(anonymous_12)","decl":{"start":{"line":107,"column":2},"end":{"line":null,"column":-1}},"loc":{"start":{"line":107,"column":2},"end":{"line":120,"column":3}}},"11":{"name":"(anonymous_13)","decl":{"start":{"line":122,"column":2},"end":{"line":null,"column":-1}},"loc":{"start":{"line":122,"column":2},"end":{"line":127,"column":3}}},"12":{"name":"(anonymous_14)","decl":{"start":{"line":124,"column":37},"end":{"line":124,"column":37}},"loc":{"start":{"line":124,"column":41},"end":{"line":126,"column":5}}},"13":{"name":"(anonymous_15)","decl":{"start":{"line":129,"column":2},"end":{"line":null,"column":-1}},"loc":{"start":{"line":129,"column":2},"end":{"line":134,"column":3}}},"14":{"name":"(anonymous_16)","decl":{"start":{"line":131,"column":37},"end":{"line":131,"column":37}},"loc":{"start":{"line":131,"column":41},"end":{"line":133,"column":5}}},"15":{"name":"(anonymous_17)","decl":{"start":{"line":136,"column":2},"end":{"line":null,"column":-1}},"loc":{"start":{"line":136,"column":2},"end":{"line":148,"column":3}}},"16":{"name":"(anonymous_18)","decl":{"start":{"line":138,"column":39},"end":{"line":138,"column":39}},"loc":{"start":{"line":138,"column":43},"end":{"line":147,"column":7}}},"17":{"name":"(anonymous_19)","decl":{"start":{"line":141,"column":29},"end":{"line":141,"column":28}},"loc":{"start":{"line":141,"column":36},"end":{"line":146,"column":9}}},"18":{"name":"(anonymous_20)","decl":{"start":{"line":150,"column":2},"end":{"line":null,"column":-1}},"loc":{"start":{"line":150,"column":2},"end":{"line":171,"column":3}}},"19":{"name":"(anonymous_21)","decl":{"start":{"line":173,"column":2},"end":{"line":null,"column":-1}},"loc":{"start":{"line":173,"column":2},"end":{"line":178,"column":3}}},"20":{"name":"(anonymous_22)","decl":{"start":{"line":180,"column":2},"end":{"line":null,"column":-1}},"loc":{"start":{"line":180,"column":2},"end":{"line":194,"column":3}}},"21":{"name":"(anonymous_23)","decl":{"start":{"line":196,"column":2},"end":{"line":null,"column":-1}},"loc":{"start":{"line":196,"column":2},"end":{"line":215,"column":3}}},"22":{"name":"(anonymous_24)","decl":{"start":{"line":208,"column":78},"end":{"line":208,"column":78}},"loc":{"start":{"line":208,"column":82},"end":{"line":212,"column":9}}},"23":{"name":"(anonymous_25)","decl":{"start":{"line":217,"column":2},"end":{"line":null,"column":-1}},"loc":{"start":{"line":217,"column":2},"end":{"line":229,"column":3}}},"24":{"name":"(anonymous_26)","decl":{"start":{"line":221,"column":56},"end":{"line":221,"column":56}},"loc":{"start":{"line":221,"column":60},"end":{"line":228,"column":5}}},"25":{"name":"(anonymous_27)","decl":{"start":{"line":231,"column":2},"end":{"line":null,"column":-1}},"loc":{"start":{"line":231,"column":2},"end":{"line":252,"column":3}}},"26":{"name":"(anonymous_28)","decl":{"start":{"line":244,"column":54},"end":{"line":244,"column":54}},"loc":{"start":{"line":244,"column":58},"end":{"line":250,"column":9}}},"27":{"name":"(anonymous_29)","decl":{"start":{"line":254,"column":2},"end":{"line":254,"column":11}},"loc":{"start":{"line":254,"column":27},"end":{"line":256,"column":3}}},"28":{"name":"(anonymous_30)","decl":{"start":{"line":258,"column":2},"end":{"line":null,"column":-1}},"loc":{"start":{"line":258,"column":2},"end":{"line":264,"column":3}}},"29":{"name":"(anonymous_31)","decl":{"start":{"line":266,"column":2},"end":{"line":null,"column":-1}},"loc":{"start":{"line":266,"column":2},"end":{"line":273,"column":3}}},"30":{"name":"(anonymous_32)","decl":{"start":{"line":275,"column":2},"end":{"line":null,"column":-1}},"loc":{"start":{"line":275,"column":2},"end":{"line":282,"column":3}}},"31":{"name":"(anonymous_33)","decl":{"start":{"line":284,"column":2},"end":{"line":284,"column":18}},"loc":{"start":{"line":284,"column":34},"end":{"line":286,"column":3}}},"32":{"name":"(anonymous_34)","decl":{"start":{"line":288,"column":2},"end":{"line":288,"column":17}},"loc":{"start":{"line":288,"column":33},"end":{"line":290,"column":3}}},"33":{"name":"(anonymous_35)","decl":{"start":{"line":291,"column":2},"end":{"line":null,"column":-1}},"loc":{"start":{"line":291,"column":2},"end":{"line":302,"column":3}}}},"branchMap":{"0":{"loc":{"start":{"line":66,"column":4},"end":{"line":84,"column":5}},"type":"if","locations":[{"start":{"line":66,"column":4},"end":{"line":84,"column":5}},{"start":{"line":66,"column":4},"end":{"line":84,"column":5}}]},"1":{"loc":{"start":{"line":109,"column":4},"end":{"line":118,"column":5}},"type":"if","locations":[{"start":{"line":109,"column":4},"end":{"line":118,"column":5}},{"start":{"line":109,"column":4},"end":{"line":118,"column":5}}]},"2":{"loc":{"start":{"line":111,"column":22},"end":{"line":111,"column":55}},"type":"binary-expr","locations":[{"start":{"line":111,"column":22},"end":{"line":111,"column":55}},{"start":{"line":111,"column":61},"end":{"line":111,"column":92}}]},"3":{"loc":{"start":{"line":115,"column":22},"end":{"line":115,"column":55}},"type":"binary-expr","locations":[{"start":{"line":115,"column":22},"end":{"line":115,"column":55}},{"start":{"line":115,"column":61},"end":{"line":115,"column":92}},{"start":{"line":116,"column":22},"end":{"line":116,"column":53}},{"start":{"line":116,"column":61},"end":{"line":116,"column":93}},{"start":{"line":117,"column":22},"end":{"line":117,"column":52}},{"start":{"line":117,"column":61},"end":{"line":117,"column":91}}]},"4":{"loc":{"start":{"line":142,"column":10},"end":{"line":145,"column":11}},"type":"if","locations":[{"start":{"line":142,"column":10},"end":{"line":145,"column":11}},{"start":{"line":142,"column":10},"end":{"line":145,"column":11}}]},"5":{"loc":{"start":{"line":182,"column":4},"end":{"line":193,"column":5}},"type":"if","locations":[{"start":{"line":182,"column":4},"end":{"line":193,"column":5}},{"start":{"line":182,"column":4},"end":{"line":193,"column":5}}]},"6":{"loc":{"start":{"line":186,"column":9},"end":{"line":193,"column":5}},"type":"if","locations":[{"start":{"line":186,"column":9},"end":{"line":193,"column":5}},{"start":{"line":186,"column":9},"end":{"line":193,"column":5}}]},"7":{"loc":{"start":{"line":200,"column":4},"end":{"line":213,"column":5}},"type":"if","locations":[{"start":{"line":200,"column":4},"end":{"line":213,"column":5}},{"start":{"line":200,"column":4},"end":{"line":213,"column":5}}]},"8":{"loc":{"start":{"line":235,"column":4},"end":{"line":251,"column":5}},"type":"if","locations":[{"start":{"line":235,"column":4},"end":{"line":251,"column":5}},{"start":{"line":235,"column":4},"end":{"line":251,"column":5}}]},"9":{"loc":{"start":{"line":293,"column":4},"end":{"line":300,"column":5}},"type":"if","locations":[{"start":{"line":293,"column":4},"end":{"line":300,"column":5}},{"start":{"line":293,"column":4},"end":{"line":300,"column":5}}]}},"s":{"0":1,"1":1,"2":1,"3":1,"4":1,"5":1,"6":1,"7":1,"8":1,"9":1,"10":32,"11":32,"12":32,"13":32,"14":32,"15":32,"16":32,"17":32,"18":32,"19":32,"20":2,"21":0,"22":1,"23":17,"24":17,"25":17,"26":17,"27":0,"28":0,"29":0,"30":0,"31":0,"32":0,"33":0,"34":17,"35":17,"36":17,"37":17,"38":17,"39":17,"40":1,"41":0,"42":0,"43":0,"44":0,"45":0,"46":0,"47":0,"48":0,"49":0,"50":0,"51":0,"52":0,"53":1,"54":23,"55":0,"56":23,"57":23,"58":1,"59":18,"60":18,"61":0,"62":1,"63":18,"64":18,"65":0,"66":1,"67":3,"68":3,"69":3,"70":3,"71":3,"72":6,"73":0,"74":1,"75":18,"76":18,"77":18,"78":18,"79":18,"80":18,"81":18,"82":18,"83":18,"84":18,"85":18,"86":18,"87":18,"88":18,"89":18,"90":18,"91":18,"92":18,"93":18,"94":1,"95":36,"96":36,"97":36,"98":1,"99":0,"100":0,"101":0,"102":0,"103":0,"104":1,"105":0,"106":0,"107":0,"108":0,"109":0,"110":0,"111":0,"112":0,"113":0,"114":0,"115":0,"116":1,"117":0,"118":0,"119":0,"120":0,"121":0,"122":0,"123":0,"124":0,"125":0,"126":0,"127":1,"128":0,"129":0,"130":0,"131":0,"132":0,"133":0,"134":0,"135":0,"136":0,"137":0,"138":0,"139":0,"140":0,"141":0,"142":1,"143":0,"144":1,"145":1,"146":1,"147":1,"148":1,"149":1,"150":1,"151":1,"152":1,"153":1,"154":1,"155":1,"156":1,"157":1,"158":1,"159":1,"160":1,"161":1,"162":0,"163":1,"164":0,"165":1,"166":0,"167":0,"168":0,"169":0,"170":1,"171":1,"172":1,"173":1},"f":{"0":1,"1":32,"2":0,"3":17,"4":17,"5":0,"6":0,"7":0,"8":0,"9":0,"10":23,"11":18,"12":0,"13":18,"14":0,"15":3,"16":3,"17":6,"18":18,"19":36,"20":0,"21":0,"22":0,"23":0,"24":0,"25":0,"26":0,"27":0,"28":1,"29":1,"30":1,"31":0,"32":0,"33":0},"b":{"0":[0,17],"1":[0,23],"2":[0,0],"3":[23,0,0,0,0,0],"4":[0,6],"5":[0,0],"6":[0,0],"7":[0,0],"8":[0,0],"9":[0,0]}}
,"C:/fsd-final_assesment/fsd-final-angular/projectmgr/src/app/add-task/parent-filter.pipe.ts": {"path":"C:/fsd-final_assesment/fsd-final-angular/projectmgr/src/app/add-task/parent-filter.pipe.ts","statementMap":{"0":{"start":{"line":1,"column":0},"end":{"line":1,"column":51}},"1":{"start":{"line":6,"column":0},"end":{"line":23,"column":0}},"2":{"start":{"line":8,"column":4},"end":{"line":22,"column":5}},"3":{"start":{"line":10,"column":8},"end":{"line":21,"column":9}},"4":{"start":{"line":11,"column":12},"end":{"line":17,"column":13}},"5":{"start":{"line":12,"column":16},"end":{"line":15,"column":17}},"6":{"start":{"line":14,"column":20},"end":{"line":14,"column":33}},"7":{"start":{"line":16,"column":16},"end":{"line":16,"column":28}},"8":{"start":{"line":20,"column":12},"end":{"line":20,"column":26}},"9":{"start":{"line":6,"column":13},"end":{"line":23,"column":1}},"10":{"start":{"line":23,"column":0},"end":{"line":23,"column":1}},"11":{"start":{"line":6,"column":13},"end":{"line":6,"column":29}}},"fnMap":{"0":{"name":"(anonymous_1)","decl":{"start":{"line":6,"column":0},"end":{"line":null,"column":-1}},"loc":{"start":{"line":6,"column":0},"end":{"line":6,"column":-1}}},"1":{"name":"(anonymous_3)","decl":{"start":{"line":8,"column":4},"end":{"line":8,"column":13}},"loc":{"start":{"line":8,"column":51},"end":{"line":22,"column":5}}},"2":{"name":"(anonymous_4)","decl":{"start":{"line":11,"column":33},"end":{"line":11,"column":32}},"loc":{"start":{"line":11,"column":41},"end":{"line":17,"column":12}}}},"branchMap":{"0":{"loc":{"start":{"line":10,"column":8},"end":{"line":21,"column":9}},"type":"if","locations":[{"start":{"line":10,"column":8},"end":{"line":21,"column":9}},{"start":{"line":10,"column":8},"end":{"line":21,"column":9}}]},"1":{"loc":{"start":{"line":10,"column":12},"end":{"line":10,"column":18}},"type":"binary-expr","locations":[{"start":{"line":10,"column":12},"end":{"line":10,"column":18}},{"start":{"line":10,"column":22},"end":{"line":10,"column":35}}]},"2":{"loc":{"start":{"line":12,"column":16},"end":{"line":15,"column":17}},"type":"if","locations":[{"start":{"line":12,"column":16},"end":{"line":15,"column":17}},{"start":{"line":12,"column":16},"end":{"line":15,"column":17}}]},"3":{"loc":{"start":{"line":12,"column":21},"end":{"line":12,"column":31}},"type":"binary-expr","locations":[{"start":{"line":12,"column":21},"end":{"line":12,"column":31}},{"start":{"line":12,"column":37},"end":{"line":12,"column":112}}]}},"s":{"0":1,"1":1,"2":1,"3":16,"4":0,"5":0,"6":0,"7":0,"8":16,"9":1,"10":1,"11":1},"f":{"0":33,"1":16,"2":0},"b":{"0":[0,16],"1":[16,16],"2":[0,0],"3":[0,0]}}
,"C:/fsd-final_assesment/fsd-final-angular/projectmgr/src/app/add-user/add-user.component.ts": {"path":"C:/fsd-final_assesment/fsd-final-angular/projectmgr/src/app/add-user/add-user.component.ts","statementMap":{"0":{"start":{"line":1,"column":0},"end":{"line":1,"column":86}},"1":{"start":{"line":2,"column":0},"end":{"line":2,"column":30}},"2":{"start":{"line":3,"column":0},"end":{"line":3,"column":39}},"3":{"start":{"line":4,"column":0},"end":{"line":4,"column":54}},"4":{"start":{"line":13,"column":0},"end":{"line":164,"column":0}},"5":{"start":{"line":31,"column":22},"end":{"line":31,"column":41}},"6":{"start":{"line":31,"column":51},"end":{"line":31,"column":76}},"7":{"start":{"line":17,"column":2},"end":{"line":17,"column":28}},"8":{"start":{"line":18,"column":2},"end":{"line":18,"column":32}},"9":{"start":{"line":19,"column":2},"end":{"line":19,"column":38}},"10":{"start":{"line":32,"column":4},"end":{"line":32,"column":32}},"11":{"start":{"line":26,"column":25},"end":{"line":29,"column":3}},"12":{"start":{"line":28,"column":4},"end":{"line":28,"column":40}},"13":{"start":{"line":35,"column":2},"end":{"line":39,"column":3}},"14":{"start":{"line":36,"column":4},"end":{"line":36,"column":15}},"15":{"start":{"line":37,"column":4},"end":{"line":37,"column":30}},"16":{"start":{"line":38,"column":4},"end":{"line":38,"column":21}},"17":{"start":{"line":41,"column":2},"end":{"line":45,"column":3}},"18":{"start":{"line":43,"column":4},"end":{"line":44,"column":44}},"19":{"start":{"line":47,"column":2},"end":{"line":58,"column":3}},"20":{"start":{"line":49,"column":4},"end":{"line":57,"column":5}},"21":{"start":{"line":51,"column":6},"end":{"line":51,"column":24}},"22":{"start":{"line":52,"column":6},"end":{"line":52,"column":32}},"23":{"start":{"line":56,"column":6},"end":{"line":56,"column":21}},"24":{"start":{"line":60,"column":2},"end":{"line":67,"column":3}},"25":{"start":{"line":62,"column":4},"end":{"line":62,"column":38}},"26":{"start":{"line":63,"column":4},"end":{"line":63,"column":37}},"27":{"start":{"line":64,"column":4},"end":{"line":64,"column":36}},"28":{"start":{"line":65,"column":4},"end":{"line":65,"column":34}},"29":{"start":{"line":66,"column":4},"end":{"line":66,"column":30}},"30":{"start":{"line":69,"column":2},"end":{"line":79,"column":3}},"31":{"start":{"line":69,"column":2},"end":{"line":79,"column":2}},"32":{"start":{"line":71,"column":4},"end":{"line":78,"column":7}},"33":{"start":{"line":72,"column":6},"end":{"line":77,"column":7}},"34":{"start":{"line":74,"column":8},"end":{"line":74,"column":32}},"35":{"start":{"line":75,"column":8},"end":{"line":75,"column":37}},"36":{"start":{"line":76,"column":8},"end":{"line":76,"column":44}},"37":{"start":{"line":81,"column":2},"end":{"line":91,"column":3}},"38":{"start":{"line":81,"column":2},"end":{"line":91,"column":2}},"39":{"start":{"line":83,"column":4},"end":{"line":90,"column":7}},"40":{"start":{"line":84,"column":6},"end":{"line":89,"column":7}},"41":{"start":{"line":86,"column":8},"end":{"line":86,"column":19}},"42":{"start":{"line":87,"column":8},"end":{"line":87,"column":25}},"43":{"start":{"line":88,"column":8},"end":{"line":88,"column":44}},"44":{"start":{"line":93,"column":2},"end":{"line":106,"column":3}},"45":{"start":{"line":93,"column":2},"end":{"line":106,"column":2}},"46":{"start":{"line":95,"column":4},"end":{"line":105,"column":5}},"47":{"start":{"line":97,"column":6},"end":{"line":104,"column":9}},"48":{"start":{"line":98,"column":8},"end":{"line":103,"column":9}},"49":{"start":{"line":100,"column":10},"end":{"line":100,"column":21}},"50":{"start":{"line":101,"column":10},"end":{"line":101,"column":27}},"51":{"start":{"line":102,"column":10},"end":{"line":102,"column":46}},"52":{"start":{"line":108,"column":2},"end":{"line":113,"column":3}},"53":{"start":{"line":108,"column":2},"end":{"line":113,"column":2}},"54":{"start":{"line":110,"column":4},"end":{"line":112,"column":7}},"55":{"start":{"line":111,"column":6},"end":{"line":111,"column":25}},"56":{"start":{"line":115,"column":2},"end":{"line":138,"column":3}},"57":{"start":{"line":115,"column":2},"end":{"line":138,"column":2}},"58":{"start":{"line":117,"column":4},"end":{"line":137,"column":7}},"59":{"start":{"line":118,"column":6},"end":{"line":136,"column":7}},"60":{"start":{"line":120,"column":8},"end":{"line":120,"column":32}},"61":{"start":{"line":121,"column":8},"end":{"line":135,"column":9}},"62":{"start":{"line":124,"column":10},"end":{"line":124,"column":43}},"63":{"start":{"line":125,"column":10},"end":{"line":125,"column":17}},"64":{"start":{"line":129,"column":10},"end":{"line":134,"column":13}},"65":{"start":{"line":130,"column":12},"end":{"line":130,"column":23}},"66":{"start":{"line":131,"column":12},"end":{"line":131,"column":29}},"67":{"start":{"line":132,"column":12},"end":{"line":132,"column":48}},"68":{"start":{"line":133,"column":12},"end":{"line":133,"column":38}},"69":{"start":{"line":140,"column":2},"end":{"line":157,"column":3}},"70":{"start":{"line":142,"column":4},"end":{"line":155,"column":5}},"71":{"start":{"line":144,"column":6},"end":{"line":144,"column":38}},"72":{"start":{"line":147,"column":4},"end":{"line":155,"column":5}},"73":{"start":{"line":149,"column":6},"end":{"line":149,"column":37}},"74":{"start":{"line":152,"column":4},"end":{"line":155,"column":5}},"75":{"start":{"line":154,"column":6},"end":{"line":154,"column":39}},"76":{"start":{"line":159,"column":2},"end":{"line":163,"column":3}},"77":{"start":{"line":159,"column":2},"end":{"line":163,"column":2}},"78":{"start":{"line":160,"column":4},"end":{"line":162,"column":7}},"79":{"start":{"line":161,"column":8},"end":{"line":161,"column":103}},"80":{"start":{"line":22,"column":29},"end":{"line":22,"column":53}},"81":{"start":{"line":24,"column":22},"end":{"line":24,"column":46}},"82":{"start":{"line":13,"column":13},"end":{"line":164,"column":1}},"83":{"start":{"line":164,"column":0},"end":{"line":164,"column":1}},"84":{"start":{"line":13,"column":13},"end":{"line":13,"column":29}}},"fnMap":{"0":{"name":"(anonymous_2)","decl":{"start":{"line":13,"column":0},"end":{"line":null,"column":-1}},"loc":{"start":{"line":13,"column":0},"end":{"line":13,"column":-1}}},"1":{"name":"AddUserComponent","decl":{"start":{"line":31,"column":2},"end":{"line":31,"column":21}},"loc":{"start":{"line":31,"column":76},"end":{"line":33,"column":3}}},"2":{"name":"(anonymous_4)","decl":{"start":{"line":26,"column":25},"end":{"line":26,"column":30}},"loc":{"start":{"line":26,"column":48},"end":{"line":29,"column":3}}},"3":{"name":"(anonymous_5)","decl":{"start":{"line":35,"column":2},"end":{"line":null,"column":-1}},"loc":{"start":{"line":35,"column":2},"end":{"line":39,"column":3}}},"4":{"name":"(anonymous_6)","decl":{"start":{"line":41,"column":2},"end":{"line":null,"column":-1}},"loc":{"start":{"line":41,"column":2},"end":{"line":45,"column":3}}},"5":{"name":"(anonymous_7)","decl":{"start":{"line":47,"column":2},"end":{"line":null,"column":-1}},"loc":{"start":{"line":47,"column":2},"end":{"line":58,"column":3}}},"6":{"name":"(anonymous_8)","decl":{"start":{"line":60,"column":2},"end":{"line":null,"column":-1}},"loc":{"start":{"line":60,"column":2},"end":{"line":67,"column":3}}},"7":{"name":"(anonymous_9)","decl":{"start":{"line":69,"column":2},"end":{"line":69,"column":9}},"loc":{"start":{"line":69,"column":25},"end":{"line":79,"column":3}}},"8":{"name":"(anonymous_10)","decl":{"start":{"line":71,"column":47},"end":{"line":71,"column":47}},"loc":{"start":{"line":71,"column":51},"end":{"line":78,"column":5}}},"9":{"name":"(anonymous_11)","decl":{"start":{"line":81,"column":2},"end":{"line":null,"column":-1}},"loc":{"start":{"line":81,"column":2},"end":{"line":91,"column":3}}},"10":{"name":"(anonymous_12)","decl":{"start":{"line":83,"column":52},"end":{"line":83,"column":52}},"loc":{"start":{"line":83,"column":56},"end":{"line":90,"column":5}}},"11":{"name":"(anonymous_13)","decl":{"start":{"line":93,"column":2},"end":{"line":null,"column":-1}},"loc":{"start":{"line":93,"column":2},"end":{"line":106,"column":3}}},"12":{"name":"(anonymous_14)","decl":{"start":{"line":97,"column":77},"end":{"line":97,"column":77}},"loc":{"start":{"line":97,"column":81},"end":{"line":104,"column":7}}},"13":{"name":"(anonymous_15)","decl":{"start":{"line":108,"column":2},"end":{"line":null,"column":-1}},"loc":{"start":{"line":108,"column":2},"end":{"line":113,"column":3}}},"14":{"name":"(anonymous_16)","decl":{"start":{"line":110,"column":37},"end":{"line":110,"column":37}},"loc":{"start":{"line":110,"column":41},"end":{"line":112,"column":5}}},"15":{"name":"(anonymous_17)","decl":{"start":{"line":115,"column":2},"end":{"line":115,"column":12}},"loc":{"start":{"line":115,"column":28},"end":{"line":138,"column":3}}},"16":{"name":"(anonymous_18)","decl":{"start":{"line":117,"column":47},"end":{"line":117,"column":47}},"loc":{"start":{"line":117,"column":51},"end":{"line":137,"column":5}}},"17":{"name":"(anonymous_19)","decl":{"start":{"line":129,"column":52},"end":{"line":129,"column":52}},"loc":{"start":{"line":129,"column":56},"end":{"line":134,"column":11}}},"18":{"name":"(anonymous_20)","decl":{"start":{"line":140,"column":2},"end":{"line":140,"column":6}},"loc":{"start":{"line":140,"column":18},"end":{"line":157,"column":3}}},"19":{"name":"(anonymous_21)","decl":{"start":{"line":159,"column":2},"end":{"line":null,"column":-1}},"loc":{"start":{"line":159,"column":2},"end":{"line":163,"column":3}}},"20":{"name":"(anonymous_22)","decl":{"start":{"line":160,"column":15},"end":{"line":null,"column":-1}},"loc":{"start":{"line":160,"column":15},"end":{"line":162,"column":5}}}},"branchMap":{"0":{"loc":{"start":{"line":43,"column":13},"end":{"line":43,"column":47}},"type":"binary-expr","locations":[{"start":{"line":43,"column":13},"end":{"line":43,"column":47}},{"start":{"line":43,"column":53},"end":{"line":43,"column":86}},{"start":{"line":44,"column":10},"end":{"line":44,"column":42}}]},"1":{"loc":{"start":{"line":49,"column":4},"end":{"line":57,"column":5}},"type":"if","locations":[{"start":{"line":49,"column":4},"end":{"line":57,"column":5}},{"start":{"line":49,"column":4},"end":{"line":57,"column":5}}]},"2":{"loc":{"start":{"line":72,"column":6},"end":{"line":77,"column":7}},"type":"if","locations":[{"start":{"line":72,"column":6},"end":{"line":77,"column":7}},{"start":{"line":72,"column":6},"end":{"line":77,"column":7}}]},"3":{"loc":{"start":{"line":72,"column":11},"end":{"line":72,"column":22}},"type":"binary-expr","locations":[{"start":{"line":72,"column":11},"end":{"line":72,"column":22}},{"start":{"line":72,"column":28},"end":{"line":72,"column":42}}]},"4":{"loc":{"start":{"line":84,"column":6},"end":{"line":89,"column":7}},"type":"if","locations":[{"start":{"line":84,"column":6},"end":{"line":89,"column":7}},{"start":{"line":84,"column":6},"end":{"line":89,"column":7}}]},"5":{"loc":{"start":{"line":95,"column":4},"end":{"line":105,"column":5}},"type":"if","locations":[{"start":{"line":95,"column":4},"end":{"line":105,"column":5}},{"start":{"line":95,"column":4},"end":{"line":105,"column":5}}]},"6":{"loc":{"start":{"line":95,"column":9},"end":{"line":95,"column":31}},"type":"binary-expr","locations":[{"start":{"line":95,"column":9},"end":{"line":95,"column":31}},{"start":{"line":95,"column":37},"end":{"line":95,"column":63}}]},"7":{"loc":{"start":{"line":98,"column":8},"end":{"line":103,"column":9}},"type":"if","locations":[{"start":{"line":98,"column":8},"end":{"line":103,"column":9}},{"start":{"line":98,"column":8},"end":{"line":103,"column":9}}]},"8":{"loc":{"start":{"line":118,"column":6},"end":{"line":136,"column":7}},"type":"if","locations":[{"start":{"line":118,"column":6},"end":{"line":136,"column":7}},{"start":{"line":118,"column":6},"end":{"line":136,"column":7}}]},"9":{"loc":{"start":{"line":118,"column":11},"end":{"line":118,"column":22}},"type":"binary-expr","locations":[{"start":{"line":118,"column":11},"end":{"line":118,"column":22}},{"start":{"line":118,"column":28},"end":{"line":118,"column":42}}]},"10":{"loc":{"start":{"line":121,"column":8},"end":{"line":135,"column":9}},"type":"if","locations":[{"start":{"line":121,"column":8},"end":{"line":135,"column":9}},{"start":{"line":121,"column":8},"end":{"line":135,"column":9}}]},"11":{"loc":{"start":{"line":121,"column":14},"end":{"line":121,"column":33}},"type":"binary-expr","locations":[{"start":{"line":121,"column":14},"end":{"line":121,"column":33}},{"start":{"line":121,"column":39},"end":{"line":121,"column":74}},{"start":{"line":122,"column":14},"end":{"line":122,"column":36}},{"start":{"line":122,"column":42},"end":{"line":122,"column":80}}]},"12":{"loc":{"start":{"line":142,"column":4},"end":{"line":155,"column":5}},"type":"if","locations":[{"start":{"line":142,"column":4},"end":{"line":155,"column":5}},{"start":{"line":142,"column":4},"end":{"line":155,"column":5}}]},"13":{"loc":{"start":{"line":147,"column":4},"end":{"line":155,"column":5}},"type":"if","locations":[{"start":{"line":147,"column":4},"end":{"line":155,"column":5}},{"start":{"line":147,"column":4},"end":{"line":155,"column":5}}]},"14":{"loc":{"start":{"line":152,"column":4},"end":{"line":155,"column":5}},"type":"if","locations":[{"start":{"line":152,"column":4},"end":{"line":155,"column":5}},{"start":{"line":152,"column":4},"end":{"line":155,"column":5}}]}},"s":{"0":1,"1":1,"2":1,"3":1,"4":1,"5":26,"6":26,"7":26,"8":26,"9":26,"10":26,"11":2,"12":0,"13":1,"14":14,"15":14,"16":14,"17":1,"18":3,"19":1,"20":1,"21":0,"22":0,"23":1,"24":1,"25":16,"26":16,"27":16,"28":16,"29":16,"30":1,"31":1,"32":1,"33":1,"34":0,"35":0,"36":0,"37":1,"38":2,"39":2,"40":1,"41":1,"42":1,"43":1,"44":1,"45":1,"46":1,"47":0,"48":0,"49":0,"50":0,"51":0,"52":1,"53":16,"54":16,"55":0,"56":1,"57":1,"58":1,"59":1,"60":0,"61":0,"62":0,"63":0,"64":0,"65":0,"66":0,"67":0,"68":0,"69":1,"70":3,"71":1,"72":2,"73":1,"74":1,"75":1,"76":1,"77":0,"78":0,"79":0,"80":1,"81":1,"82":1,"83":1,"84":1},"f":{"0":1,"1":26,"2":0,"3":14,"4":3,"5":1,"6":16,"7":1,"8":1,"9":2,"10":1,"11":1,"12":0,"13":16,"14":0,"15":1,"16":1,"17":0,"18":3,"19":0,"20":0},"b":{"0":[3,0,0],"1":[0,1],"2":[0,1],"3":[1,1],"4":[1,0],"5":[0,1],"6":[1,1],"7":[0,0],"8":[0,1],"9":[1,1],"10":[0,0],"11":[0,0,0,0],"12":[1,2],"13":[1,1],"14":[1,0]}}
,"C:/fsd-final_assesment/fsd-final-angular/projectmgr/src/app/add-user/user-filter.pipe.ts": {"path":"C:/fsd-final_assesment/fsd-final-angular/projectmgr/src/app/add-user/user-filter.pipe.ts","statementMap":{"0":{"start":{"line":1,"column":0},"end":{"line":1,"column":51}},"1":{"start":{"line":6,"column":0},"end":{"line":25,"column":0}},"2":{"start":{"line":8,"column":4},"end":{"line":24,"column":5}},"3":{"start":{"line":10,"column":8},"end":{"line":23,"column":9}},"4":{"start":{"line":11,"column":12},"end":{"line":19,"column":13}},"5":{"start":{"line":12,"column":16},"end":{"line":17,"column":17}},"6":{"start":{"line":16,"column":20},"end":{"line":16,"column":33}},"7":{"start":{"line":18,"column":16},"end":{"line":18,"column":28}},"8":{"start":{"line":22,"column":12},"end":{"line":22,"column":25}},"9":{"start":{"line":6,"column":13},"end":{"line":25,"column":1}},"10":{"start":{"line":25,"column":0},"end":{"line":25,"column":1}},"11":{"start":{"line":6,"column":13},"end":{"line":6,"column":27}}},"fnMap":{"0":{"name":"(anonymous_1)","decl":{"start":{"line":6,"column":0},"end":{"line":null,"column":-1}},"loc":{"start":{"line":6,"column":0},"end":{"line":6,"column":-1}}},"1":{"name":"(anonymous_3)","decl":{"start":{"line":8,"column":4},"end":{"line":8,"column":13}},"loc":{"start":{"line":8,"column":48},"end":{"line":24,"column":5}}},"2":{"name":"(anonymous_4)","decl":{"start":{"line":11,"column":32},"end":{"line":11,"column":31}},"loc":{"start":{"line":11,"column":40},"end":{"line":19,"column":12}}}},"branchMap":{"0":{"loc":{"start":{"line":10,"column":8},"end":{"line":23,"column":9}},"type":"if","locations":[{"start":{"line":10,"column":8},"end":{"line":23,"column":9}},{"start":{"line":10,"column":8},"end":{"line":23,"column":9}}]},"1":{"loc":{"start":{"line":10,"column":12},"end":{"line":10,"column":17}},"type":"binary-expr","locations":[{"start":{"line":10,"column":12},"end":{"line":10,"column":17}},{"start":{"line":10,"column":21},"end":{"line":10,"column":33}}]},"2":{"loc":{"start":{"line":12,"column":16},"end":{"line":17,"column":17}},"type":"if","locations":[{"start":{"line":12,"column":16},"end":{"line":17,"column":17}},{"start":{"line":12,"column":16},"end":{"line":17,"column":17}}]},"3":{"loc":{"start":{"line":12,"column":21},"end":{"line":12,"column":31}},"type":"binary-expr","locations":[{"start":{"line":12,"column":21},"end":{"line":12,"column":31}},{"start":{"line":12,"column":37},"end":{"line":12,"column":111}},{"start":{"line":13,"column":25},"end":{"line":13,"column":98}},{"start":{"line":14,"column":25},"end":{"line":14,"column":111}}]}},"s":{"0":1,"1":1,"2":1,"3":43,"4":0,"5":0,"6":0,"7":0,"8":43,"9":1,"10":1,"11":1},"f":{"0":73,"1":43,"2":0},"b":{"0":[0,43],"1":[43,0],"2":[0,0],"3":[0,0,0,0]}}
,"C:/fsd-final_assesment/fsd-final-angular/projectmgr/src/app/add-user/user-sort.pipe.ts": {"path":"C:/fsd-final_assesment/fsd-final-angular/projectmgr/src/app/add-user/user-sort.pipe.ts","statementMap":{"0":{"start":{"line":1,"column":0},"end":{"line":1,"column":51}},"1":{"start":{"line":6,"column":0},"end":{"line":50,"column":0}},"2":{"start":{"line":7,"column":4},"end":{"line":49,"column":5}},"3":{"start":{"line":9,"column":8},"end":{"line":47,"column":9}},"4":{"start":{"line":11,"column":12},"end":{"line":20,"column":15}},"5":{"start":{"line":12,"column":16},"end":{"line":19,"column":17}},"6":{"start":{"line":13,"column":20},"end":{"line":13,"column":30}},"7":{"start":{"line":15,"column":21},"end":{"line":19,"column":17}},"8":{"start":{"line":16,"column":20},"end":{"line":16,"column":29}},"9":{"start":{"line":18,"column":20},"end":{"line":18,"column":29}},"10":{"start":{"line":22,"column":13},"end":{"line":47,"column":9}},"11":{"start":{"line":24,"column":12},"end":{"line":33,"column":15}},"12":{"start":{"line":25,"column":16},"end":{"line":32,"column":17}},"13":{"start":{"line":26,"column":20},"end":{"line":26,"column":30}},"14":{"start":{"line":28,"column":21},"end":{"line":32,"column":17}},"15":{"start":{"line":29,"column":20},"end":{"line":29,"column":29}},"16":{"start":{"line":31,"column":20},"end":{"line":31,"column":29}},"17":{"start":{"line":35,"column":13},"end":{"line":47,"column":9}},"18":{"start":{"line":37,"column":12},"end":{"line":46,"column":15}},"19":{"start":{"line":38,"column":16},"end":{"line":45,"column":17}},"20":{"start":{"line":39,"column":20},"end":{"line":39,"column":30}},"21":{"start":{"line":41,"column":21},"end":{"line":45,"column":17}},"22":{"start":{"line":42,"column":20},"end":{"line":42,"column":29}},"23":{"start":{"line":44,"column":20},"end":{"line":44,"column":29}},"24":{"start":{"line":48,"column":8},"end":{"line":48,"column":21}},"25":{"start":{"line":6,"column":13},"end":{"line":50,"column":1}},"26":{"start":{"line":50,"column":0},"end":{"line":50,"column":1}},"27":{"start":{"line":6,"column":13},"end":{"line":6,"column":31}}},"fnMap":{"0":{"name":"(anonymous_1)","decl":{"start":{"line":6,"column":0},"end":{"line":null,"column":-1}},"loc":{"start":{"line":6,"column":0},"end":{"line":6,"column":-1}}},"1":{"name":"(anonymous_3)","decl":{"start":{"line":7,"column":4},"end":{"line":7,"column":13}},"loc":{"start":{"line":7,"column":42},"end":{"line":49,"column":5}}},"2":{"name":"(anonymous_4)","decl":{"start":{"line":11,"column":23},"end":{"line":11,"column":23}},"loc":{"start":{"line":11,"column":40},"end":{"line":20,"column":13}}},"3":{"name":"(anonymous_5)","decl":{"start":{"line":24,"column":23},"end":{"line":24,"column":23}},"loc":{"start":{"line":24,"column":40},"end":{"line":33,"column":13}}},"4":{"name":"(anonymous_6)","decl":{"start":{"line":37,"column":23},"end":{"line":37,"column":23}},"loc":{"start":{"line":37,"column":40},"end":{"line":46,"column":13}}}},"branchMap":{"0":{"loc":{"start":{"line":9,"column":8},"end":{"line":47,"column":9}},"type":"if","locations":[{"start":{"line":9,"column":8},"end":{"line":47,"column":9}},{"start":{"line":9,"column":8},"end":{"line":47,"column":9}}]},"1":{"loc":{"start":{"line":9,"column":13},"end":{"line":9,"column":34}},"type":"binary-expr","locations":[{"start":{"line":9,"column":13},"end":{"line":9,"column":34}},{"start":{"line":9,"column":40},"end":{"line":9,"column":59}}]},"2":{"loc":{"start":{"line":12,"column":16},"end":{"line":19,"column":17}},"type":"if","locations":[{"start":{"line":12,"column":16},"end":{"line":19,"column":17}},{"start":{"line":12,"column":16},"end":{"line":19,"column":17}}]},"3":{"loc":{"start":{"line":15,"column":21},"end":{"line":19,"column":17}},"type":"if","locations":[{"start":{"line":15,"column":21},"end":{"line":19,"column":17}},{"start":{"line":15,"column":21},"end":{"line":19,"column":17}}]},"4":{"loc":{"start":{"line":22,"column":13},"end":{"line":47,"column":9}},"type":"if","locations":[{"start":{"line":22,"column":13},"end":{"line":47,"column":9}},{"start":{"line":22,"column":13},"end":{"line":47,"column":9}}]},"5":{"loc":{"start":{"line":22,"column":18},"end":{"line":22,"column":38}},"type":"binary-expr","locations":[{"start":{"line":22,"column":18},"end":{"line":22,"column":38}},{"start":{"line":22,"column":44},"end":{"line":22,"column":63}}]},"6":{"loc":{"start":{"line":25,"column":16},"end":{"line":32,"column":17}},"type":"if","locations":[{"start":{"line":25,"column":16},"end":{"line":32,"column":17}},{"start":{"line":25,"column
[...]
,"C:/fsd-final_assesment/fsd-final-angular/projectmgr/src/app/view-task/task-sort.pipe.ts": {"path":"C:/fsd-final_assesment/fsd-final-angular/projectmgr/src/app/view-task/task-sort.pipe.ts","statementMap":{"0":{"start":{"line":1,"column":0},"end":{"line":1,"column":51}},"1":{"start":{"line":6,"column":0},"end":{"line":76,"column":0}},"2":{"start":{"line":10,"column":4},"end":{"line":75,"column":5}},"3":{"start":{"line":10,"column":4},"end":{"line":75,"column":4}},"4":{"start":{"line":13,"column":8},"end":{"line":25,"column":9}},"5":{"start":{"line":15,"column":12},"end":{"line":24,"column":15}},"6":{"start":{"line":16,"column":16},"end":{"line":23,"column":17}},"7":{"start":{"line":17,"column":20},"end":{"line":17,"column":30}},"8":{"start":{"line":19,"column":21},"end":{"line":23,"column":17}},"9":{"start":{"line":20,"column":20},"end":{"line":20,"column":29}},"10":{"start":{"line":22,"column":20},"end":{"line":22,"column":29}},"11":{"start":{"line":27,"column":8},"end":{"line":41,"column":9}},"12":{"start":{"line":29,"column":12},"end":{"line":40,"column":15}},"13":{"start":{"line":30,"column":16},"end":{"line":30,"column":49}},"14":{"start":{"line":31,"column":16},"end":{"line":31,"column":49}},"15":{"start":{"line":32,"column":16},"end":{"line":39,"column":17}},"16":{"start":{"line":33,"column":20},"end":{"line":33,"column":30}},"17":{"start":{"line":35,"column":21},"end":{"line":39,"column":17}},"18":{"start":{"line":36,"column":20},"end":{"line":36,"column":29}},"19":{"start":{"line":38,"column":20},"end":{"line":38,"column":29}},"20":{"start":{"line":43,"column":8},"end":{"line":57,"column":9}},"21":{"start":{"line":45,"column":12},"end":{"line":56,"column":15}},"22":{"start":{"line":46,"column":16},"end":{"line":46,"column":47}},"23":{"start":{"line":47,"column":16},"end":{"line":47,"column":47}},"24":{"start":{"line":48,"column":16},"end":{"line":55,"column":17}},"25":{"start":{"line":49,"column":20},"end":{"line":49,"column":30}},"26":{"start":{"line":51,"column":21},"end":{"line":55,"column":17}},"27":{"start":{"line":52,"column":20},"end":{"line":52,"column":29}},"28":{"start":{"line":54,"column":20},"end":{"line":54,"column":29}},"29":{"start":{"line":59,"column":8},"end":{"line":72,"column":9}},"30":{"start":{"line":62,"column":12},"end":{"line":71,"column":15}},"31":{"start":{"line":63,"column":16},"end":{"line":70,"column":17}},"32":{"start":{"line":64,"column":20},"end":{"line":64,"column":30}},"33":{"start":{"line":66,"column":21},"end":{"line":70,"column":17}},"34":{"start":{"line":67,"column":20},"end":{"line":67,"column":29}},"35":{"start":{"line":69,"column":20},"end":{"line":69,"column":29}},"36":{"start":{"line":74,"column":8},"end":{"line":74,"column":23}},"37":{"start":{"line":6,"column":13},"end":{"line":76,"column":1}},"38":{"start":{"line":76,"column":0},"end":{"line":76,"column":1}},"39":{"start":{"line":6,"column":13},"end":{"line":6,"column":31}}},"fnMap":{"0":{"name":"(anonymous_1)","decl":{"start":{"line":6,"column":0},"end":{"line":null,"column":-1}},"loc":{"start":{"line":6,"column":0},"end":{"line":6,"column":-1}}},"1":{"name":"(anonymous_3)","decl":{"start":{"line":10,"column":4},"end":{"line":10,"column":13}},"loc":{"start":{"line":10,"column":44},"end":{"line":75,"column":5}}},"2":{"name":"(anonymous_4)","decl":{"start":{"line":15,"column":25},"end":{"line":15,"column":25}},"loc":{"start":{"line":15,"column":42},"end":{"line":24,"column":13}}},"3":{"name":"(anonymous_5)","decl":{"start":{"line":29,"column":25},"end":{"line":29,"column":25}},"loc":{"start":{"line":29,"column":42},"end":{"line":40,"column":13}}},"4":{"name":"(anonymous_6)","decl":{"start":{"line":45,"column":25},"end":{"line":45,"column":25}},"loc":{"start":{"line":45,"column":42},"end":{"line":56,"column":13}}},"5":{"name":"(anonymous_7)","decl":{"start":{"line":62,"column":25},"end":{"line":62,"column":25}},"loc":{"start":{"line":62,"column":42},"end":{"line":71,"column":13}}}},"branchMap":{"0":{"loc":{"start":{"line":13,"column":8},"end":{"line":25,"column":9}},"type":"if","locations":[{"start":{"line":13,"column":8},"end":{"line":25,"column":9}},{"start":{"line":13,"column":8},"end":{"line":25,"column":9}}]},"1":{"loc":{"start":{"line":13,"column":13},"end":{"line":13,"column":32}},"type":"binary-expr","locations":[{"start":{"line":13,"column":13},"end":{"line":13,"column":32}},{"start":{"line":13,"column":38},"end":{"line":13,"column":59}}]},"2":{"loc":{"start":{"line":16,"column":16},"end":{"line":23,"column":17}},"type":"if","locations":[{"start":{"line":16,"column":16},"end":{"line":23,"column":17}},{"start":{"line":16,"column":16},"end":{"line":23,"column":17}}]},"3":{"loc":{"start":{"line":19,"column":21},"end":{"line":23,"column":17}},"type":"if","locations":[{"start":{"line":19,"column":21},"end":{"line":23,"column":17}},{"start":{"line":19,"column":21},"end":{"line":23,"column":17}}]},"4":{"loc":{"start":{"line":27,"column":8},"end":{"line":41,"column":9}},"type":"if","locations":[{"start":{"line":27,"column":8},"end":{"line":41,"column":9}},{"start":{"line":27,"column":8},"end":{"line":41,"column":9}}]},"5":{"loc":{"start":{"line":27,"column":13},"end":{"line":27,"column":33}},"type":"binary-expr","locations":[{"start":{"line":27,"column":13},"end":{"line":27,"column":33}},{"start":{"line":27,"column":39},"end":{"line":27,"column":60}}]},"6":{"loc":{"start":{"line":32,"column":16},"end":{"line":39,"column":17}},"type":"if","locations":[{"start":{"line":32,"column":16},"end":{"line":39,"column":17}},{"start":{"line":32,"column":16},"end":{"line":39,"column":17}}]},"7":{"loc":{"start":{"line":35,"column":21},"end":{"line":39,"column":17}},"type":"if","locations":[{"start":{"line":35,"column":21},"end":{"line":39,"column":17}},{"start":{"line":35,"column":21},"end":{"line":39,"column":17}}]},"8":{"loc":{"start":{"line":43,"column":8},"end":{"line":57,"column":9}},"type":"if","locations":[{"start":{"line":43,"column":8},"end":{"line":57,"column":9}},{"start":{"line":43,"column":8},"end":{"line":57,"column":9}}]},"9":{"loc":{"start":{"line":43,"column":13},"end":{"line":43,"column":31}},"type":"binary-expr","locations":[{"start":{"line":43,"column":13},"end":{"line":43,"column":31}},{"start":{"line":43,"column":37},"end":{"line":43,"column":58}}]},"10":{"loc":{"start":{"line":48,"column":16},"end":{"line":55,"column":17}},"type":"if","locations":[{"start":{"line":48,"column":16},"end":{"line":55,"column":17}},{"start":{"line":48,"column":16},"end":{"line":55,"column":17}}]},"11":{"loc":{"start":{"line":51,"column":21},"end":{"line":55,"column":17}},"type":"if","locations":[{"start":{"line":51,"column":21},"end":{"line":55,"column":17}},{"start":{"line":51,"column":21},"end":{"line":55,"column":17}}]},"12":{"loc":{"start":{"line":59,"column":8},"end":{"line":72,"column":9}},"type":"if","locations":[{"start":{"line":59,"column":8},"end":{"line":72,"column":9}},{"start":{"line":59,"column":8},"end":{"line":72,"column":9}}]},"13":{"loc":{"start":{"line":59,"column":13},"end":{"line":59,"column":30}},"type":"binary-expr","locations":[{"start":{"line":59,"column":13},"end":{"line":59,"column":30}},{"start":{"line":59,"column":36},"end":{"line":59,"column":57}}]},"14":{"loc":{"start":{"line":63,"column":16},"end":{"line":70,"column":17}},"type":"if","locations":[{"start":{"line":63,"column":16},"end":{"line":70,"column":17}},{"start":{"line":63,"column":16},"end":{"line":70,"column":17}}]},"15":{"loc":{"start":{"line":66,"column":21},"end":{"line":70,"column":17}},"type":"if","locations":[{"start":{"line":66,"column":21},"end":{"line":70,"column":17}},{"start":{"line":66,"column":21},"end":{"line":70,"column":17}}]}},"s":{"0":1,"1":1,"2":1,"3":9,"4":9,"5":0,"6":0,"7":0,"8":0,"9":0,"10":0,"11":9,"12":0,"13":0,"14":0,"15":0,"16":0,"17":0,"18":0,"19":0,"20":9,"21":0,"22":0,"23":0,"24":0,"25":0,"26":0,"27":0,"28":0,"29":9,"30":0,"31":0,"32":0,"33":0,"34":0,"35":0,"36":9,"37":1,"38":1,"39":1},"f":{"0":10,"1":9,"2":0,"3":0,"4":0,"5":0},"b":{"0":[0,9],"1":[9,0],"2":[0,0],"3":[0,0],"4":[0,9],"5":[9,0],"6":[0,0],"7":[0,0],"8":[0,9],"9":[9,0],"10":[0,0],"11":[0,0],"12":[0,9],"13":[9,0],"14":[0,0],"15":[0,0]}}
,"C:/fsd-final_assesment/fsd-final-angular/projectmgr/src/app/view-task/view-task.component.ts": {"path":"C:/fsd-final_assesment/fsd-final-angular/projectmgr/src/app/view-task/view-task.component.ts","statementMap":{"0":{"start":{"line":1,"column":0},"end":{"line":1,"column":49}},"1":{"start":{"line":2,"column":0},"end":{"line":2,"column":58}},"2":{"start":{"line":3,"column":0},"end":{"line":3,"column":54}},"3":{"start":{"line":7,"column":0},"end":{"line":7,"column":60}},"4":{"start":{"line":8,"column":0},"end":{"line":8,"column":32}},"5":{"start":{"line":9,"column":0},"end":{"line":9,"column":38}},"6":{"start":{"line":19,"column":0},"end":{"line":145,"column":0}},"7":{"start":{"line":33,"column":22},"end":{"line":33,"column":47}},"8":{"start":{"line":34,"column":22},"end":{"line":34,"column":51}},"9":{"start":{"line":35,"column":22},"end":{"line":35,"column":53}},"10":{"start":{"line":36,"column":22},"end":{"line":36,"column":36}},"11":{"start":{"line":22,"column":2},"end":{"line":22,"column":29}},"12":{"start":{"line":38,"column":2},"end":{"line":40,"column":3}},"13":{"start":{"line":39,"column":4},"end":{"line":39,"column":23}},"14":{"start":{"line":42,"column":2},"end":{"line":64,"column":3}},"15":{"start":{"line":42,"column":2},"end":{"line":64,"column":2}},"16":{"start":{"line":44,"column":4},"end":{"line":63,"column":7}},"17":{"start":{"line":45,"column":6},"end":{"line":45,"column":25}},"18":{"start":{"line":46,"column":6},"end":{"line":46,"column":29}},"19":{"start":{"line":47,"column":6},"end":{"line":62,"column":9}},"20":{"start":{"line":49,"column":8},"end":{"line":52,"column":11}},"21":{"start":{"line":50,"column":10},"end":{"line":50,"column":31}},"22":{"start":{"line":51,"column":10},"end":{"line":51,"column":55}},"23":{"start":{"line":54,"column":8},"end":{"line":57,"column":9}},"24":{"start":{"line":56,"column":10},"end":{"line":56,"column":42}},"25":{"start":{"line":59,"column":8},"end":{"line":59,"column":75}},"26":{"start":{"line":61,"column":8},"end":{"line":61,"column":71}},"27":{"start":{"line":67,"column":2},"end":{"line":72,"column":3}},"28":{"start":{"line":67,"column":2},"end":{"line":72,"column":2}},"29":{"start":{"line":69,"column":4},"end":{"line":71,"column":7}},"30":{"start":{"line":70,"column":6},"end":{"line":70,"column":28}},"31":{"start":{"line":74,"column":2},"end":{"line":76,"column":3}},"32":{"start":{"line":75,"column":4},"end":{"line":75,"column":33}},"33":{"start":{"line":78,"column":2},"end":{"line":83,"column":3}},"34":{"start":{"line":80,"column":4},"end":{"line":80,"column":45}},"35":{"start":{"line":81,"column":4},"end":{"line":81,"column":50}},"36":{"start":{"line":82,"column":4},"end":{"line":82,"column":58}},"37":{"start":{"line":86,"column":2},"end":{"line":102,"column":3}},"38":{"start":{"line":86,"column":2},"end":{"line":102,"column":2}},"39":{"start":{"line":88,"column":4},"end":{"line":101,"column":7}},"40":{"start":{"line":89,"column":6},"end":{"line":89,"column":30}},"41":{"start":{"line":90,"column":6},"end":{"line":99,"column":7}},"42":{"start":{"line":92,"column":8},"end":{"line":92,"column":41}},"43":{"start":{"line":93,"column":8},"end":{"line":93,"column":76}},"44":{"start":{"line":94,"column":8},"end":{"line":94,"column":54}},"45":{"start":{"line":98,"column":8},"end":{"line":98,"column":64}},"46":{"start":{"line":100,"column":6},"end":{"line":100,"column":39}},"47":{"start":{"line":104,"column":2},"end":{"line":118,"column":3}},"48":{"start":{"line":104,"column":2},"end":{"line":118,"column":2}},"49":{"start":{"line":106,"column":4},"end":{"line":117,"column":7}},"50":{"start":{"line":107,"column":6},"end":{"line":107,"column":30}},"51":{"start":{"line":108,"column":6},"end":{"line":116,"column":7}},"52":{"start":{"line":110,"column":8},"end":{"line":110,"column":75}},"53":{"start":{"line":111,"column":8},"end":{"line":111,"column":41}},"54":{"start":{"line":115,"column":8},"end":{"line":115,"column":52}},"55":{"start":{"line":121,"column":2},"end":{"line":143,"column":3}},"56":{"start":{"line":123,"column":4},"end":{"line":141,"column":5}},"57":{"start":{"line":125,"column":6},"end":{"line":125,"column":37}},"58":{"start":{"line":128,"column":4},"end":{"line":141,"column":5}},"59":{"start":{"line":130,"column":6},"end":{"line":130,"column":35}},"60":{"start":{"line":133,"column":4},"end":{"line":141,"column":5}},"61":{"start":{"line":135,"column":6},"end":{"line":135,"column":36}},"62":{"start":{"line":138,"column":4},"end":{"line":141,"column":5}},"63":{"start":{"line":140,"column":6},"end":{"line":140,"column":34}},"64":{"start":{"line":19,"column":13},"end":{"line":145,"column":1}},"65":{"start":{"line":145,"column":0},"end":{"line":145,"column":1}},"66":{"start":{"line":19,"column":13},"end":{"line":19,"column":30}}},"fnMap":{"0":{"name":"(anonymous_2)","decl":{"start":{"line":19,"column":0},"end":{"line":null,"column":-1}},"loc":{"start":{"line":19,"column":0},"end":{"line":19,"column":-1}}},"1":{"name":"ViewTaskComponent","decl":{"start":{"line":33,"column":2},"end":{"line":33,"column":21}},"loc":{"start":{"line":36,"column":36},"end":{"line":36,"column":41}}},"2":{"name":"(anonymous_4)","decl":{"start":{"line":38,"column":2},"end":{"line":null,"column":-1}},"loc":{"start":{"line":38,"column":2},"end":{"line":40,"column":3}}},"3":{"name":"(anonymous_5)","decl":{"start":{"line":42,"column":2},"end":{"line":42,"column":9}},"loc":{"start":{"line":42,"column":29},"end":{"line":64,"column":3}}},"4":{"name":"(anonymous_6)","decl":{"start":{"line":44,"column":37},"end":{"line":44,"column":37}},"loc":{"start":{"line":44,"column":41},"end":{"line":63,"column":5}}},"5":{"name":"(anonymous_7)","decl":{"start":{"line":47,"column":28},"end":{"line":47,"column":27}},"loc":{"start":{"line":47,"column":35},"end":{"line":62,"column":7}}},"6":{"name":"(anonymous_8)","decl":{"start":{"line":49,"column":64},"end":{"line":49,"column":64}},"loc":{"start":{"line":49,"column":68},"end":{"line":52,"column":9}}},"7":{"name":"(anonymous_9)","decl":{"start":{"line":67,"column":2},"end":{"line":null,"column":-1}},"loc":{"start":{"line":67,"column":2},"end":{"line":72,"column":3}}},"8":{"name":"(anonymous_10)","decl":{"start":{"line":69,"column":40},"end":{"line":69,"column":40}},"loc":{"start":{"line":69,"column":44},"end":{"line":71,"column":5}}},"9":{"name":"(anonymous_11)","decl":{"start":{"line":74,"column":2},"end":{"line":74,"column":18}},"loc":{"start":{"line":74,"column":34},"end":{"line":76,"column":3}}},"10":{"name":"(anonymous_12)","decl":{"start":{"line":78,"column":2},"end":{"line":null,"column":-1}},"loc":{"start":{"line":78,"column":2},"end":{"line":83,"column":3}}},"11":{"name":"(anonymous_13)","decl":{"start":{"line":86,"column":2},"end":{"line":86,"column":9}},"loc":{"start":{"line":86,"column":26},"end":{"line":102,"column":3}}},"12":{"name":"(anonymous_14)","decl":{"start":{"line":88,"column":48},"end":{"line":88,"column":48}},"loc":{"start":{"line":88,"column":52},"end":{"line":101,"column":5}}},"13":{"name":"(anonymous_15)","decl":{"start":{"line":93,"column":63},"end":{"line":93,"column":63}},"loc":{"start":{"line":93,"column":67},"end":{"line":93,"column":74}}},"14":{"name":"(anonymous_16)","decl":{"start":{"line":104,"column":2},"end":{"line":104,"column":10}},"loc":{"start":{"line":104,"column":25},"end":{"line":118,"column":3}}},"15":{"name":"(anonymous_17)","decl":{"start":{"line":106,"column":48},"end":{"line":106,"column":48}},"loc":{"start":{"line":106,"column":52},"end":{"line":117,"column":5}}},"16":{"name":"(anonymous_18)","decl":{"start":{"line":121,"column":2},"end":{"line":121,"column":6}},"loc":{"start":{"line":121,"column":18},"end":{"line":143,"column":3}}}},"branchMap":{"0":{"loc":{"start":{"line":54,"column":8},"end":{"line":57,"column":9}},"type":"if","locations":[{"start":{"line":54,"column":8},"end":{"line":57,"column":9}},{"start":{"line":54,"column":8},"end":{"line":57,"column":9}}]},"1":{"loc":{"start":{"line":90,"column":6},"end":{"line":99,"column":7}},"type":"if","locations":[{"start":{"line":90,"column":6},"end":{"line":99,"column":7}},{"start":{"line":90,"column":6},"end":{"line":99,"column":7}}]},"2":{"loc":{"start":{"line":108,"column":6},"end":{"line":116,"column":7}},"type":"if","locations":[{"start":{"line":108,"column":6},"end":{"line":116,"column":7}},{"start":{"line":108,"column":6},"end":{"line":116,"column":7}}]},"3":{"loc":{"start":{"line":123,"column":4},"end":{"line":141,"column":5}},"type":"if","locations":[{"start":{"line":123,"column":4},"end":{"line":141,"column":5}},{"start":{"line":123,"column":4},"end":{"line":141,"column":5}}]},"4":{"loc":{"start":{"line":128,"column":4},"end":{"line":141,"column":5}},"type":"if","locations":[{"start":{"line":128,"column":4},"end":{"line":141,"column":5}},{"start":{"line":128,"column":4},"end":{"line":141,"column":5}}]},"5":{"loc":{"start":{"line":133,"column":4},"end":{"line":141,"column":5}},"type":"if","locations":[{"start":{"line":133,"column":4},"end":{"line":141,"column":5}},{"start":{"line":133,"column":4},"end":{"line":141,"column":5}}]},"6":{"loc":{"start":{"line":138,"column":4},"end":{"line":141,"column":5}},"type":"if","locations":[{"start":{"line":138,"column":4},"end":{"line":141,"column":5}},{"start":{"line":138,"column":4},"end":{"line":141,"column":5}}]}},"s":{"0":1,"1":1,"2":1,"3":1,"4":1,"5":1,"6":1,"7":9,"8":9,"9":9,"10":9,"11":9,"12":1,"13":10,"14":1,"15":2,"16":2,"17":0,"18":0,"19":0,"20":0,"21":0,"22":0,"23":0,"24":0,"25":0,"26":0,"27":1,"28":11,"29":11,"30":0,"31":1,"32":0,"33":1,"34":1,"35":1,"36":1,"37":1,"38":0,"39":0,"40":0,"41":0,"42":0,"43":0,"44":0,"45":0,"46":0,"47":1,"48":0,"49":0,"50":0,"51":0,"52":0,"53":0,"54":0,"55":1,"56":4,"57":1,"58":3,"59":1,"60":2,"61":1,"62":1,"63":1,"64":1,"65":1,"66":1},"f":{"0":1,"1":9,"2":10,"3":2,"4":0,"5":0,"6":0,"7":11,"8":0,"9":0,"10":1,"11":0,"12":0,"13":0,"14":0,"15":0,"16":4},"b":{"0":[0,0],"1":[0,0],"2":[0,0],"3":[1,3],"4":[1,2],"5":[1,1],"6":[1,0]}}
,"C:/fsd-final_assesment/fsd-final-angular/projectmgr/src/environments/environment.ts": {"path":"C:/fsd-final_assesment/fsd-final-angular/projectmgr/src/environments/environment.ts","statementMap":{"0":{"start":{"line":5,"column":13},"end":{"line":8,"column":2}}},"fnMap":{},"branchMap":{},"s":{"0":1},"f":{},"b":{}}
}
